This file contains any messages produced by compilers while
running configure, to aid debugging if configure makes a mistake.

It was created by Open MPI configure 4.0.7, which was
generated by GNU Autoconf 2.69.  Invocation command line was

  $ ./configure --prefix=

## --------- ##
## Platform. ##
## --------- ##

hostname = eclgpu4
uname -m = x86_64
uname -r = 5.4.0-132-generic
uname -s = Linux
uname -v = #148-Ubuntu SMP Mon Oct 17 16:02:06 UTC 2022

/usr/bin/uname -p = x86_64
/bin/uname -X     = unknown

/bin/arch              = x86_64
/usr/bin/arch -k       = unknown
/usr/convex/getsysinfo = unknown
/usr/bin/hostinfo      = unknown
/bin/machine           = unknown
/usr/bin/oslevel       = unknown
/bin/universe          = unknown

PATH: /home/ydy/.vscode-server/bin/e2816fe719a4026ffa1ee0189dc89bdfdbafb164/bin/remote-cli
PATH: /usr/local/sbin
PATH: /usr/local/bin
PATH: /usr/sbin
PATH: /usr/bin
PATH: /sbin
PATH: /bin
PATH: /usr/games
PATH: /usr/local/games
PATH: /snap/bin
PATH: /usr/local/cuda-11.3/bin


## ----------- ##
## Core tests. ##
## ----------- ##

configure:5811: checking for perl
configure:5827: found /usr/bin/perl
configure:5839: result: perl
configure:5872: === Configuring Open MPI
configure:5888: *** Startup tests
configure:6006: checking build system type
configure:6020: result: x86_64-unknown-linux-gnu
configure:6040: checking host system type
configure:6053: result: x86_64-unknown-linux-gnu
configure:6073: checking target system type
configure:6086: result: x86_64-unknown-linux-gnu
configure:6216: checking for gcc
configure:6232: found /usr/bin/gcc
configure:6243: result: gcc
configure:6472: checking for C compiler version
configure:6481: gcc --version >&5
gcc (Ubuntu 9.4.0-1ubuntu1~20.04.1) 9.4.0
Copyright (C) 2019 Free Software Foundation, Inc.
This is free software; see the source for copying conditions.  There is NO
warranty; not even for MERCHANTABILITY or FITNESS FOR A PARTICULAR PURPOSE.

configure:6492: $? = 0
configure:6481: gcc -v >&5
Using built-in specs.
COLLECT_GCC=gcc
COLLECT_LTO_WRAPPER=/usr/lib/gcc/x86_64-linux-gnu/9/lto-wrapper
OFFLOAD_TARGET_NAMES=nvptx-none:hsa
OFFLOAD_TARGET_DEFAULT=1
Target: x86_64-linux-gnu
Configured with: ../src/configure -v --with-pkgversion='Ubuntu 9.4.0-1ubuntu1~20.04.1' --with-bugurl=file:///usr/share/doc/gcc-9/README.Bugs --enable-languages=c,ada,c++,go,brig,d,fortran,objc,obj-c++,gm2 --prefix=/usr --with-gcc-major-version-only --program-suffix=-9 --program-prefix=x86_64-linux-gnu- --enable-shared --enable-linker-build-id --libexecdir=/usr/lib --without-included-gettext --enable-threads=posix --libdir=/usr/lib --enable-nls --enable-clocale=gnu --enable-libstdcxx-debug --enable-libstdcxx-time=yes --with-default-libstdcxx-abi=new --enable-gnu-unique-object --disable-vtable-verify --enable-plugin --enable-default-pie --with-system-zlib --with-target-system-zlib=auto --enable-objc-gc=auto --enable-multiarch --disable-werror --with-arch-32=i686 --with-abi=m64 --with-multilib-list=m32,m64,mx32 --enable-multilib --with-tune=generic --enable-offload-targets=nvptx-none=/build/gcc-9-Av3uEd/gcc-9-9.4.0/debian/tmp-nvptx/usr,hsa --without-cuda-driver --enable-checking=release --build=x86_64-linux-gnu --host=x86_64-linux-gnu --target=x86_64-linux-gnu
Thread model: posix
gcc version 9.4.0 (Ubuntu 9.4.0-1ubuntu1~20.04.1) 
configure:6492: $? = 0
configure:6481: gcc -V >&5
gcc: error: unrecognized command line option '-V'
gcc: fatal error: no input files
compilation terminated.
configure:6492: $? = 1
configure:6481: gcc -qversion >&5
gcc: error: unrecognized command line option '-qversion'; did you mean '--version'?
gcc: fatal error: no input files
compilation terminated.
configure:6492: $? = 1
configure:6512: checking whether the C compiler works
configure:6534: gcc    conftest.c  >&5
configure:6538: $? = 0
configure:6586: result: yes
configure:6589: checking for C compiler default output file name
configure:6591: result: a.out
configure:6597: checking for suffix of executables
configure:6604: gcc -o conftest    conftest.c  >&5
configure:6608: $? = 0
configure:6630: result: 
configure:6652: checking whether we are cross compiling
configure:6660: gcc -o conftest    conftest.c  >&5
configure:6664: $? = 0
configure:6671: ./conftest
configure:6675: $? = 0
configure:6663: result: no
configure:6668: checking for suffix of object files
configure:6690: gcc -c   conftest.c >&5
configure:6694: $? = 0
configure:6715: result: o
configure:6719: checking whether we are using the GNU C compiler
configure:6738: gcc -c   conftest.c >&5
configure:6738: $? = 0
configure:6747: result: yes
configure:6756: checking whether gcc accepts -g
configure:6776: gcc -c -g  conftest.c >&5
configure:6776: $? = 0
configure:6817: result: yes
configure:6834: checking for gcc option to accept ISO C89
configure:6897: gcc  -c -g -O2  conftest.c >&5
configure:6897: $? = 0
configure:6910: result: none needed
configure:6935: checking whether gcc understands -c and -o together
configure:6957: gcc -c conftest.c -o conftest2.o
configure:6960: $? = 0
configure:6957: gcc -c conftest.c -o conftest2.o
configure:6960: $? = 0
configure:6972: result: yes
configure:6995: checking how to run the C preprocessor
configure:7026: gcc -E  conftest.c
configure:7026: $? = 0
configure:7040: gcc -E  conftest.c
conftest.c:10:10: fatal error: ac_nonexistent.h: No such file or directory
   10 | #include <ac_nonexistent.h>
      |          ^~~~~~~~~~~~~~~~~~
compilation terminated.
configure:7040: $? = 1
configure: failed program was:
| /* confdefs.h */
| #define PACKAGE_NAME "Open MPI"
| #define PACKAGE_TARNAME "openmpi"
| #define PACKAGE_VERSION "4.0.7"
| #define PACKAGE_STRING "Open MPI 4.0.7"
| #define PACKAGE_BUGREPORT "http://www.open-mpi.org/community/help/"
| #define PACKAGE_URL ""
| #define OPAL_ARCH "x86_64-unknown-linux-gnu"
| /* end confdefs.h.  */
| #include <ac_nonexistent.h>
configure:7065: result: gcc -E
configure:7085: gcc -E  conftest.c
configure:7085: $? = 0
configure:7099: gcc -E  conftest.c
conftest.c:10:10: fatal error: ac_nonexistent.h: No such file or directory
   10 | #include <ac_nonexistent.h>
      |          ^~~~~~~~~~~~~~~~~~
compilation terminated.
configure:7099: $? = 1
configure: failed program was:
| /* confdefs.h */
| #define PACKAGE_NAME "Open MPI"
| #define PACKAGE_TARNAME "openmpi"
| #define PACKAGE_VERSION "4.0.7"
| #define PACKAGE_STRING "Open MPI 4.0.7"
| #define PACKAGE_BUGREPORT "http://www.open-mpi.org/community/help/"
| #define PACKAGE_URL ""
| #define OPAL_ARCH "x86_64-unknown-linux-gnu"
| /* end confdefs.h.  */
| #include <ac_nonexistent.h>
configure:7128: checking for grep that handles long lines and -e
configure:7186: result: /usr/bin/grep
configure:7191: checking for egrep
configure:7253: result: /usr/bin/grep -E
configure:7258: checking for ANSI C header files
configure:7278: gcc -c -g -O2  conftest.c >&5
configure:7278: $? = 0
configure:7351: gcc -o conftest -g -O2   conftest.c  >&5
configure:7351: $? = 0
configure:7351: ./conftest
configure:7351: $? = 0
configure:7362: result: yes
configure:7375: checking for sys/types.h
configure:7375: gcc -c -g -O2  conftest.c >&5
configure:7375: $? = 0
configure:7375: result: yes
configure:7375: checking for sys/stat.h
configure:7375: gcc -c -g -O2  conftest.c >&5
configure:7375: $? = 0
configure:7375: result: yes
configure:7375: checking for stdlib.h
configure:7375: gcc -c -g -O2  conftest.c >&5
configure:7375: $? = 0
configure:7375: result: yes
configure:7375: checking for string.h
configure:7375: gcc -c -g -O2  conftest.c >&5
configure:7375: $? = 0
configure:7375: result: yes
configure:7375: checking for memory.h
configure:7375: gcc -c -g -O2  conftest.c >&5
configure:7375: $? = 0
configure:7375: result: yes
configure:7375: checking for strings.h
configure:7375: gcc -c -g -O2  conftest.c >&5
configure:7375: $? = 0
configure:7375: result: yes
configure:7375: checking for inttypes.h
configure:7375: gcc -c -g -O2  conftest.c >&5
configure:7375: $? = 0
configure:7375: result: yes
configure:7375: checking for stdint.h
configure:7375: gcc -c -g -O2  conftest.c >&5
configure:7375: $? = 0
configure:7375: result: yes
configure:7375: checking for unistd.h
configure:7375: gcc -c -g -O2  conftest.c >&5
configure:7375: $? = 0
configure:7375: result: yes
configure:7388: checking minix/config.h usability
configure:7388: gcc -c -g -O2  conftest.c >&5
conftest.c:53:10: fatal error: minix/config.h: No such file or directory
   53 | #include <minix/config.h>
      |          ^~~~~~~~~~~~~~~~
compilation terminated.
configure:7388: $? = 1
configure: failed program was:
| /* confdefs.h */
| #define PACKAGE_NAME "Open MPI"
| #define PACKAGE_TARNAME "openmpi"
| #define PACKAGE_VERSION "4.0.7"
| #define PACKAGE_STRING "Open MPI 4.0.7"
| #define PACKAGE_BUGREPORT "http://www.open-mpi.org/community/help/"
| #define PACKAGE_URL ""
| #define OPAL_ARCH "x86_64-unknown-linux-gnu"
| #define STDC_HEADERS 1
| #define HAVE_SYS_TYPES_H 1
| #define HAVE_SYS_STAT_H 1
| #define HAVE_STDLIB_H 1
| #define HAVE_STRING_H 1
| #define HAVE_MEMORY_H 1
| #define HAVE_STRINGS_H 1
| #define HAVE_INTTYPES_H 1
| #define HAVE_STDINT_H 1
| #define HAVE_UNISTD_H 1
| /* end confdefs.h.  */
| #include <stdio.h>
| #ifdef HAVE_SYS_TYPES_H
| # include <sys/types.h>
| #endif
| #ifdef HAVE_SYS_STAT_H
| # include <sys/stat.h>
| #endif
| #ifdef STDC_HEADERS
| # include <stdlib.h>
| # include <stddef.h>
| #else
| # ifdef HAVE_STDLIB_H
| #  include <stdlib.h>
| # endif
| #endif
| #ifdef HAVE_STRING_H
| # if !defined STDC_HEADERS && defined HAVE_MEMORY_H
| #  include <memory.h>
| # endif
| # include <string.h>
| #endif
| #ifdef HAVE_STRINGS_H
| # include <strings.h>
| #endif
| #ifdef HAVE_INTTYPES_H
| # include <inttypes.h>
| #endif
| #ifdef HAVE_STDINT_H
| # include <stdint.h>
| #endif
| #ifdef HAVE_UNISTD_H
| # include <unistd.h>
| #endif
| #include <minix/config.h>
configure:7388: result: no
configure:7388: checking minix/config.h presence
configure:7388: gcc -E  conftest.c
conftest.c:20:10: fatal error: minix/config.h: No such file or directory
   20 | #include <minix/config.h>
      |          ^~~~~~~~~~~~~~~~
compilation terminated.
configure:7388: $? = 1
configure: failed program was:
| /* confdefs.h */
| #define PACKAGE_NAME "Open MPI"
| #define PACKAGE_TARNAME "openmpi"
| #define PACKAGE_VERSION "4.0.7"
| #define PACKAGE_STRING "Open MPI 4.0.7"
| #define PACKAGE_BUGREPORT "http://www.open-mpi.org/community/help/"
| #define PACKAGE_URL ""
| #define OPAL_ARCH "x86_64-unknown-linux-gnu"
| #define STDC_HEADERS 1
| #define HAVE_SYS_TYPES_H 1
| #define HAVE_SYS_STAT_H 1
| #define HAVE_STDLIB_H 1
| #define HAVE_STRING_H 1
| #define HAVE_MEMORY_H 1
| #define HAVE_STRINGS_H 1
| #define HAVE_INTTYPES_H 1
| #define HAVE_STDINT_H 1
| #define HAVE_UNISTD_H 1
| /* end confdefs.h.  */
| #include <minix/config.h>
configure:7388: result: no
configure:7388: checking for minix/config.h
configure:7388: result: no
configure:7409: checking whether it is safe to define __EXTENSIONS__
configure:7427: gcc -c -g -O2  conftest.c >&5
configure:7427: $? = 0
configure:7434: result: yes
configure:7495: checking for a BSD-compatible install
configure:7563: result: /usr/bin/install -c
configure:7574: checking whether build environment is sane
configure:7629: result: yes
configure:7775: checking for a thread-safe mkdir -p
configure:7814: result: /usr/bin/mkdir -p
configure:7821: checking for gawk
configure:7837: found /usr/bin/gawk
configure:7848: result: gawk
configure:7859: checking whether make sets $(MAKE)
configure:7881: result: yes
configure:7911: checking for style of include used by make
configure:7939: result: GNU
configure:7973: checking whether make supports nested variables
configure:7990: result: yes
configure:8070: checking whether UID '1004' is supported by ustar format
configure:8073: result: yes
configure:8080: checking whether GID '1004' is supported by ustar format
configure:8083: result: yes
configure:8091: checking how to create a ustar tar archive
configure:8102: tar --version
tar (GNU tar) 1.30
Copyright (C) 2017 Free Software Foundation, Inc.
License GPLv3+: GNU GPL version 3 or later <https://gnu.org/licenses/gpl.html>.
This is free software: you are free to change and redistribute it.
There is NO WARRANTY, to the extent permitted by law.

Written by John Gilmore and Jay Fenlason.
configure:8105: $? = 0
configure:8145: tardir=conftest.dir && eval tar --format=ustar -chf - "$tardir" >conftest.tar
configure:8148: $? = 0
configure:8152: tar -xf - <conftest.tar
configure:8155: $? = 0
configure:8157: cat conftest.dir/file
GrepMe
configure:8160: $? = 0
configure:8173: result: gnutar
configure:8182: checking dependency style of gcc
configure:8293: result: gcc3
configure:8367: checking whether make supports nested variables
configure:8384: result: yes
configure:8410: checking directory of source tree
configure:8412: result: .
configure:8441: checking directory of absolute source tree
configure:8443: result: /home/ydy/scratch/src/openmpi-4.0.7
configure:8472: checking directory of build tree
configure:8474: result: /home/ydy/scratch/src/openmpi-4.0.7
configure:8489: checking directory of prefix
configure:8491: result: 
configure:8520: checking directory of absolute prefix
configure:8522: result: 
configure:5888: *** Checking versions
configure:8564: checking for repo version
configure:8593: result: v4.0.7
configure:8607: checking Open MPI version
configure:8609: result: 4.0.7
configure:8611: checking Open MPI release date
configure:8613: result: Nov 12, 2021
configure:8615: checking Open MPI repository version
configure:8617: result: v4.0.7
configure:8692: checking for repo version
configure:8721: result: v4.0.7
configure:8735: checking Open MPI Run-Time Environment version
configure:8737: result: 4.0.7
configure:8739: checking Open MPI Run-Time Environment release date
configure:8741: result: Nov 12, 2021
configure:8743: checking Open MPI Run-Time Environment repository version
configure:8745: result: v4.0.7
configure:8820: checking for repo version
configure:8849: result: v4.0.7
configure:8863: checking Open SHMEM version
configure:8865: result: 4.0.7
configure:8867: checking Open SHMEM release date
configure:8869: result: Nov 12, 2021
configure:8871: checking Open SHMEM repository version
configure:8873: result: v4.0.7
configure:8948: checking for repo version
configure:8977: result: v4.0.7
configure:8991: checking Open Portable Access Layer version
configure:8993: result: 4.0.7
configure:8995: checking Open Portable Access Layer release date
configure:8997: result: Nov 12, 2021
configure:8999: checking Open Portable Access Layer repository version
configure:9001: result: v4.0.7
configure:9081: checking for bootstrap Autoconf version
configure:9084: result: 2.69
configure:9086: checking for bootstrap Automake version
configure:9088: result: 1.15
configure:9090: checking for boostrap Libtool version
configure:9093: result: 2.4.6
configure:5888: *** Initialization, setup
configure:9114: builddir: /home/ydy/scratch/src/openmpi-4.0.7
configure:9116: srcdir: /home/ydy/scratch/src/openmpi-4.0.7
configure:9263: error: prefix "" must be an absolute directory path

## ---------------- ##
## Cache variables. ##
## ---------------- ##

ac_cv_build=x86_64-unknown-linux-gnu
ac_cv_c_compiler_gnu=yes
ac_cv_env_CCASFLAGS_set=
ac_cv_env_CCASFLAGS_value=
ac_cv_env_CCAS_set=
ac_cv_env_CCAS_value=
ac_cv_env_CCC_set=
ac_cv_env_CCC_value=
ac_cv_env_CC_set=
ac_cv_env_CC_value=
ac_cv_env_CFLAGS_set=
ac_cv_env_CFLAGS_value=
ac_cv_env_CPPFLAGS_set=
ac_cv_env_CPPFLAGS_value=
ac_cv_env_CPP_set=
ac_cv_env_CPP_value=
ac_cv_env_CRAY_ALPSLLI_CFLAGS_set=
ac_cv_env_CRAY_ALPSLLI_CFLAGS_value=
ac_cv_env_CRAY_ALPSLLI_LIBS_set=
ac_cv_env_CRAY_ALPSLLI_LIBS_value=
ac_cv_env_CRAY_ALPSLLI_STATIC_LIBS_set=
ac_cv_env_CRAY_ALPSLLI_STATIC_LIBS_value=
ac_cv_env_CRAY_ALPSUTIL_CFLAGS_set=
ac_cv_env_CRAY_ALPSUTIL_CFLAGS_value=
ac_cv_env_CRAY_ALPSUTIL_LIBS_set=
ac_cv_env_CRAY_ALPSUTIL_LIBS_value=
ac_cv_env_CRAY_ALPSUTIL_STATIC_LIBS_set=
ac_cv_env_CRAY_ALPSUTIL_STATIC_LIBS_value=
ac_cv_env_CRAY_ALPS_CFLAGS_set=
ac_cv_env_CRAY_ALPS_CFLAGS_value=
ac_cv_env_CRAY_ALPS_LIBS_set=
ac_cv_env_CRAY_ALPS_LIBS_value=
ac_cv_env_CRAY_ALPS_STATIC_LIBS_set=
ac_cv_env_CRAY_ALPS_STATIC_LIBS_value=
ac_cv_env_CRAY_PMI_CFLAGS_set=
ac_cv_env_CRAY_PMI_CFLAGS_value=
ac_cv_env_CRAY_PMI_LIBS_set=
ac_cv_env_CRAY_PMI_LIBS_value=
ac_cv_env_CRAY_PMI_STATIC_LIBS_set=
ac_cv_env_CRAY_PMI_STATIC_LIBS_value=
ac_cv_env_CRAY_UDREG_CFLAGS_set=
ac_cv_env_CRAY_UDREG_CFLAGS_value=
ac_cv_env_CRAY_UDREG_LIBS_set=
ac_cv_env_CRAY_UDREG_LIBS_value=
ac_cv_env_CRAY_UGNI_CFLAGS_set=
ac_cv_env_CRAY_UGNI_CFLAGS_value=
ac_cv_env_CRAY_UGNI_LIBS_set=
ac_cv_env_CRAY_UGNI_LIBS_value=
ac_cv_env_CRAY_WLM_DETECT_CFLAGS_set=
ac_cv_env_CRAY_WLM_DETECT_CFLAGS_value=
ac_cv_env_CRAY_WLM_DETECT_LIBS_set=
ac_cv_env_CRAY_WLM_DETECT_LIBS_value=
ac_cv_env_CRAY_WLM_DETECT_STATIC_LIBS_set=
ac_cv_env_CRAY_WLM_DETECT_STATIC_LIBS_value=
ac_cv_env_CRAY_XPMEM_CFLAGS_set=
ac_cv_env_CRAY_XPMEM_CFLAGS_value=
ac_cv_env_CRAY_XPMEM_LIBS_set=
ac_cv_env_CRAY_XPMEM_LIBS_value=
ac_cv_env_CRAY_XPMEM_STATIC_LIBS_set=
ac_cv_env_CRAY_XPMEM_STATIC_LIBS_value=
ac_cv_env_CXXCPP_set=
ac_cv_env_CXXCPP_value=
ac_cv_env_CXXFLAGS_set=
ac_cv_env_CXXFLAGS_value=
ac_cv_env_CXX_set=
ac_cv_env_CXX_value=
ac_cv_env_FCFLAGS_set=
ac_cv_env_FCFLAGS_value=
ac_cv_env_FC_set=
ac_cv_env_FC_value=
ac_cv_env_FLUX_PMI_CFLAGS_set=
ac_cv_env_FLUX_PMI_CFLAGS_value=
ac_cv_env_FLUX_PMI_LIBS_set=
ac_cv_env_FLUX_PMI_LIBS_value=
ac_cv_env_HWLOC_LIBXML2_CFLAGS_set=
ac_cv_env_HWLOC_LIBXML2_CFLAGS_value=
ac_cv_env_HWLOC_LIBXML2_LIBS_set=
ac_cv_env_HWLOC_LIBXML2_LIBS_value=
ac_cv_env_HWLOC_MS_LIB_set=
ac_cv_env_HWLOC_MS_LIB_value=
ac_cv_env_HWLOC_PCIACCESS_CFLAGS_set=
ac_cv_env_HWLOC_PCIACCESS_CFLAGS_value=
ac_cv_env_HWLOC_PCIACCESS_LIBS_set=
ac_cv_env_HWLOC_PCIACCESS_LIBS_value=
ac_cv_env_LDFLAGS_set=
ac_cv_env_LDFLAGS_value=
ac_cv_env_LIBS_set=
ac_cv_env_LIBS_value=
ac_cv_env_LT_SYS_LIBRARY_PATH_set=
ac_cv_env_LT_SYS_LIBRARY_PATH_value=
ac_cv_env_PKG_CONFIG_LIBDIR_set=
ac_cv_env_PKG_CONFIG_LIBDIR_value=
ac_cv_env_PKG_CONFIG_PATH_set=
ac_cv_env_PKG_CONFIG_PATH_value=
ac_cv_env_PKG_CONFIG_set=
ac_cv_env_PKG_CONFIG_value=
ac_cv_env_XMKMF_set=
ac_cv_env_XMKMF_value=
ac_cv_env_build_alias_set=
ac_cv_env_build_alias_value=
ac_cv_env_host_alias_set=
ac_cv_env_host_alias_value=
ac_cv_env_target_alias_set=
ac_cv_env_target_alias_value=
ac_cv_env_ucx_CFLAGS_set=
ac_cv_env_ucx_CFLAGS_value=
ac_cv_env_ucx_LIBS_set=
ac_cv_env_ucx_LIBS_value=
ac_cv_env_ucx_STATIC_LIBS_set=
ac_cv_env_ucx_STATIC_LIBS_value=
ac_cv_header_inttypes_h=yes
ac_cv_header_memory_h=yes
ac_cv_header_minix_config_h=no
ac_cv_header_stdc=yes
ac_cv_header_stdint_h=yes
ac_cv_header_stdlib_h=yes
ac_cv_header_string_h=yes
ac_cv_header_strings_h=yes
ac_cv_header_sys_stat_h=yes
ac_cv_header_sys_types_h=yes
ac_cv_header_unistd_h=yes
ac_cv_host=x86_64-unknown-linux-gnu
ac_cv_objext=o
ac_cv_path_EGREP='/usr/bin/grep -E'
ac_cv_path_GREP=/usr/bin/grep
ac_cv_path_install='/usr/bin/install -c'
ac_cv_path_mkdir=/usr/bin/mkdir
ac_cv_prog_AWK=gawk
ac_cv_prog_CPP='gcc -E'
ac_cv_prog_PERL=perl
ac_cv_prog_ac_ct_CC=gcc
ac_cv_prog_cc_c89=
ac_cv_prog_cc_g=yes
ac_cv_prog_make_make_set=yes
ac_cv_safe_to_define___extensions__=yes
ac_cv_target=x86_64-unknown-linux-gnu
am_cv_CC_dependencies_compiler_type=gcc3
am_cv_make_support_nested_variables=yes
am_cv_prog_cc_c_o=yes
am_cv_prog_tar_ustar=gnutar

## ----------------- ##
## Output variables. ##
## ----------------- ##

ACLOCAL='${SHELL} /home/ydy/scratch/src/openmpi-4.0.7/config/missing aclocal-1.15'
AMCA_PARAM_SETS_DIR=''
AMDEPBACKSLASH='\'
AMDEP_FALSE='#'
AMDEP_TRUE=''
AMTAR='$${TAR-tar}'
AM_BACKSLASH='\'
AM_DEFAULT_V='$(AM_DEFAULT_VERBOSITY)'
AM_DEFAULT_VERBOSITY='0'
AM_V='$(V)'
AR=''
AS=''
AUTOCONF='${SHELL} /home/ydy/scratch/src/openmpi-4.0.7/config/missing autoconf'
AUTOHEADER='${SHELL} /home/ydy/scratch/src/openmpi-4.0.7/config/missing autoheader'
AUTOMAKE='${SHELL} /home/ydy/scratch/src/openmpi-4.0.7/config/missing automake-1.15'
AWK='gawk'
BASH='/bin/bash'
BUILD_FORTRAN_SIZEOF_FALSE=''
BUILD_FORTRAN_SIZEOF_TRUE=''
BUILD_MPITOOLS_FALSE=''
BUILD_MPITOOLS_TRUE=''
BUILD_MPI_BINDINGS_LAYER_FALSE=''
BUILD_MPI_BINDINGS_LAYER_TRUE=''
BUILD_MPI_FORTRAN_MPIFH_BINDINGS_LAYER_FALSE=''
BUILD_MPI_FORTRAN_MPIFH_BINDINGS_LAYER_TRUE=''
BUILD_NETLOCSCOTCH_FALSE=''
BUILD_NETLOCSCOTCH_TRUE=''
BUILD_NETLOC_FALSE=''
BUILD_NETLOC_TRUE=''
BUILD_PMPI_FORTRAN_MPIFH_BINDINGS_LAYER_FALSE=''
BUILD_PMPI_FORTRAN_MPIFH_BINDINGS_LAYER_TRUE=''
CASE_SENSITIVE_FS_FALSE=''
CASE_SENSITIVE_FS_TRUE=''
CC='gcc'
CCAS=''
CCASDEPMODE=''
CCASFLAGS=''
CCDEPMODE='depmode=gcc3'
CFLAGS=''
CFLAGS_WITHOUT_OPTFLAGS=''
CLEANFILES='*~ .\#*'
COMPILE_PROFILING_SEPARATELY_FALSE=''
COMPILE_PROFILING_SEPARATELY_TRUE=''
CONFIGURE_DEPENDENCIES='$(top_srcdir)/VERSION'
CPP='gcc -E'
CPPFLAGS=''
CRAY_ALPSLLI_CFLAGS=''
CRAY_ALPSLLI_LIBS=''
CRAY_ALPSLLI_STATIC_LIBS=''
CRAY_ALPSUTIL_CFLAGS=''
CRAY_ALPSUTIL_LIBS=''
CRAY_ALPSUTIL_STATIC_LIBS=''
CRAY_ALPS_CFLAGS=''
CRAY_ALPS_LIBS=''
CRAY_ALPS_STATIC_LIBS=''
CRAY_PMI_CFLAGS=''
CRAY_PMI_LIBS=''
CRAY_PMI_STATIC_LIBS=''
CRAY_UDREG_CFLAGS=''
CRAY_UDREG_LIBS=''
CRAY_UGNI_CFLAGS=''
CRAY_UGNI_LIBS=''
CRAY_WLM_DETECT_CFLAGS=''
CRAY_WLM_DETECT_LIBS=''
CRAY_WLM_DETECT_STATIC_LIBS=''
CRAY_XPMEM_CFLAGS=''
CRAY_XPMEM_LIBS=''
CRAY_XPMEM_STATIC_LIBS=''
CXX=''
CXXCPP=''
CXXCPPFLAGS=''
CXXDEPMODE=''
CXXFLAGS=''
CYGPATH_W='echo'
DEBUGGER_CFLAGS=''
DEFS=''
DEPDIR='.deps'
DLLTOOL=''
DSYMUTIL=''
DUMPBIN=''
ECHO_C=''
ECHO_N='-n'
ECHO_T=''
EGREP='/usr/bin/grep -E'
EXEEXT=''
FC=''
FCFLAGS=''
FCFLAGS_f90=''
FCFLAGS_f=''
FFLAGS=''
FGREP=''
FLUX_PMI_CFLAGS=''
FLUX_PMI_LIBS=''
FOUND_XZ_FALSE=''
FOUND_XZ_TRUE=''
GREP='/usr/bin/grep'
HWLOC_BUILD_DOXYGEN_FALSE=''
HWLOC_BUILD_DOXYGEN_TRUE=''
HWLOC_BUILD_README_FALSE=''
HWLOC_BUILD_README_TRUE=''
HWLOC_BUILD_STANDALONE_FALSE=''
HWLOC_BUILD_STANDALONE_TRUE=''
HWLOC_CFLAGS=''
HWLOC_CPPFLAGS=''
HWLOC_CUDA_BUILD_STATIC_FALSE=''
HWLOC_CUDA_BUILD_STATIC_TRUE=''
HWLOC_CUDA_LIBS=''
HWLOC_EMBEDDED_CFLAGS=''
HWLOC_EMBEDDED_CPPFLAGS=''
HWLOC_EMBEDDED_LDADD=''
HWLOC_EMBEDDED_LIBS=''
HWLOC_GL_BUILD_STATIC_FALSE=''
HWLOC_GL_BUILD_STATIC_TRUE=''
HWLOC_GL_LIBS=''
HWLOC_HAVE_AIX_FALSE=''
HWLOC_HAVE_AIX_TRUE=''
HWLOC_HAVE_BGQ_FALSE=''
HWLOC_HAVE_BGQ_TRUE=''
HWLOC_HAVE_BUNZIPP_FALSE=''
HWLOC_HAVE_BUNZIPP_TRUE=''
HWLOC_HAVE_CAIRO_FALSE=''
HWLOC_HAVE_CAIRO_TRUE=''
HWLOC_HAVE_CUDART_FALSE=''
HWLOC_HAVE_CUDART_TRUE=''
HWLOC_HAVE_CUDA_FALSE=''
HWLOC_HAVE_CUDA_TRUE=''
HWLOC_HAVE_CXX_FALSE=''
HWLOC_HAVE_CXX_TRUE=''
HWLOC_HAVE_DARWIN_FALSE=''
HWLOC_HAVE_DARWIN_TRUE=''
HWLOC_HAVE_FREEBSD_FALSE=''
HWLOC_HAVE_FREEBSD_TRUE=''
HWLOC_HAVE_GCC_FALSE=''
HWLOC_HAVE_GCC_TRUE=''
HWLOC_HAVE_GL_FALSE=''
HWLOC_HAVE_GL_TRUE=''
HWLOC_HAVE_HPUX_FALSE=''
HWLOC_HAVE_HPUX_TRUE=''
HWLOC_HAVE_IRIX_FALSE=''
HWLOC_HAVE_IRIX_TRUE=''
HWLOC_HAVE_LIBIBVERBS_FALSE=''
HWLOC_HAVE_LIBIBVERBS_TRUE=''
HWLOC_HAVE_LIBXML2=''
HWLOC_HAVE_LIBXML2_FALSE=''
HWLOC_HAVE_LIBXML2_TRUE=''
HWLOC_HAVE_LINUX_FALSE=''
HWLOC_HAVE_LINUX_LIBNUMA_FALSE=''
HWLOC_HAVE_LINUX_LIBNUMA_TRUE=''
HWLOC_HAVE_LINUX_TRUE=''
HWLOC_HAVE_MINGW32_FALSE=''
HWLOC_HAVE_MINGW32_TRUE=''
HWLOC_HAVE_MS_LIB_FALSE=''
HWLOC_HAVE_MS_LIB_TRUE=''
HWLOC_HAVE_NETBSD_FALSE=''
HWLOC_HAVE_NETBSD_TRUE=''
HWLOC_HAVE_NVML=''
HWLOC_HAVE_NVML_FALSE=''
HWLOC_HAVE_NVML_TRUE=''
HWLOC_HAVE_OPENAT_FALSE=''
HWLOC_HAVE_OPENAT_TRUE=''
HWLOC_HAVE_OPENCL=''
HWLOC_HAVE_OPENCL_FALSE=''
HWLOC_HAVE_OPENCL_TRUE=''
HWLOC_HAVE_PCIACCESS_FALSE=''
HWLOC_HAVE_PCIACCESS_TRUE=''
HWLOC_HAVE_PLUGINS_FALSE=''
HWLOC_HAVE_PLUGINS_TRUE=''
HWLOC_HAVE_PTHREAD_FALSE=''
HWLOC_HAVE_PTHREAD_TRUE=''
HWLOC_HAVE_SCHED_SETAFFINITY_FALSE=''
HWLOC_HAVE_SCHED_SETAFFINITY_TRUE=''
HWLOC_HAVE_SOLARIS_FALSE=''
HWLOC_HAVE_SOLARIS_TRUE=''
HWLOC_HAVE_USER32_FALSE=''
HWLOC_HAVE_USER32_TRUE=''
HWLOC_HAVE_WINDOWS_FALSE=''
HWLOC_HAVE_WINDOWS_TRUE=''
HWLOC_HAVE_X86_32_FALSE=''
HWLOC_HAVE_X86_32_TRUE=''
HWLOC_HAVE_X86_64_FALSE=''
HWLOC_HAVE_X86_64_TRUE=''
HWLOC_HAVE_X86_CPUID_FALSE=''
HWLOC_HAVE_X86_CPUID_TRUE=''
HWLOC_HAVE_X86_FALSE=''
HWLOC_HAVE_X86_TRUE=''
HWLOC_INSTALL_DOXYGEN_FALSE=''
HWLOC_INSTALL_DOXYGEN_TRUE=''
HWLOC_LDFLAGS=''
HWLOC_LIBS=''
HWLOC_LIBS_PRIVATE=''
HWLOC_LIBXML2_CFLAGS=''
HWLOC_LIBXML2_LIBS=''
HWLOC_MS_LIB=''
HWLOC_MS_LIB_ARCH=''
HWLOC_NVML_BUILD_STATIC_FALSE=''
HWLOC_NVML_BUILD_STATIC_TRUE=''
HWLOC_NVML_LIBS=''
HWLOC_OPENCL_BUILD_STATIC_FALSE=''
HWLOC_OPENCL_BUILD_STATIC_TRUE=''
HWLOC_OPENCL_CFLAGS=''
HWLOC_OPENCL_LDFLAGS=''
HWLOC_OPENCL_LIBS=''
HWLOC_PCIACCESS_CFLAGS=''
HWLOC_PCIACCESS_LIBS=''
HWLOC_PCI_BUILD_STATIC_FALSE=''
HWLOC_PCI_BUILD_STATIC_TRUE=''
HWLOC_PLUGINS_DIR=''
HWLOC_PLUGINS_PATH=''
HWLOC_RELEASE_DATE=''
HWLOC_REQUIRES=''
HWLOC_VERSION=''
HWLOC_X11_CPPFLAGS=''
HWLOC_X11_LIBS=''
HWLOC_XML_LIBXML_BUILD_STATIC_FALSE=''
HWLOC_XML_LIBXML_BUILD_STATIC_TRUE=''
HWLOC_top_builddir=''
HWLOC_top_srcdir=''
INSTALL_DATA='${INSTALL} -m 644'
INSTALL_PROGRAM='${INSTALL}'
INSTALL_SCRIPT='${INSTALL}'
INSTALL_STRIP_PROGRAM='$(install_sh) -c -s'
JAR=''
JAVAC=''
JAVADOC=''
JAVAH=''
LD=''
LDFLAGS=''
LEX=''
LEXLIB=''
LEX_OUTPUT_ROOT=''
LIBOBJS=''
LIBS=''
LIBTOOL=''
LIPO=''
LN_S=''
LTLIBOBJS=''
LT_SYS_LIBRARY_PATH=''
MAKEINFO='${SHELL} /home/ydy/scratch/src/openmpi-4.0.7/config/missing makeinfo'
MANIFEST_TOOL=''
MAN_PAGE_BUILD_MPIFH_BINDINGS_FALSE=''
MAN_PAGE_BUILD_MPIFH_BINDINGS_TRUE=''
MAN_PAGE_BUILD_MPI_CXX_BINDINGS_FALSE=''
MAN_PAGE_BUILD_MPI_CXX_BINDINGS_TRUE=''
MAN_PAGE_BUILD_USEMPIF08_BINDINGS_FALSE=''
MAN_PAGE_BUILD_USEMPIF08_BINDINGS_TRUE=''
MCA_BUILD_ompi_bml_r2_DSO_FALSE=''
MCA_BUILD_ompi_bml_r2_DSO_TRUE=''
MCA_BUILD_ompi_coll_basic_DSO_FALSE=''
MCA_BUILD_ompi_coll_basic_DSO_TRUE=''
MCA_BUILD_ompi_coll_cuda_DSO_FALSE=''
MCA_BUILD_ompi_coll_cuda_DSO_TRUE=''
MCA_BUILD_ompi_coll_fca_DSO_FALSE=''
MCA_BUILD_ompi_coll_fca_DSO_TRUE=''
MCA_BUILD_ompi_coll_hcoll_DSO_FALSE=''
MCA_BUILD_ompi_coll_hcoll_DSO_TRUE=''
MCA_BUILD_ompi_coll_inter_DSO_FALSE=''
MCA_BUILD_ompi_coll_inter_DSO_TRUE=''
MCA_BUILD_ompi_coll_libnbc_DSO_FALSE=''
MCA_BUILD_ompi_coll_libnbc_DSO_TRUE=''
MCA_BUILD_ompi_coll_monitoring_DSO_FALSE=''
MCA_BUILD_ompi_coll_monitoring_DSO_TRUE=''
MCA_BUILD_ompi_coll_portals4_DSO_FALSE=''
MCA_BUILD_ompi_coll_portals4_DSO_TRUE=''
MCA_BUILD_ompi_coll_self_DSO_FALSE=''
MCA_BUILD_ompi_coll_self_DSO_TRUE=''
MCA_BUILD_ompi_coll_sm_DSO_FALSE=''
MCA_BUILD_ompi_coll_sm_DSO_TRUE=''
MCA_BUILD_ompi_coll_sync_DSO_FALSE=''
MCA_BUILD_ompi_coll_sync_DSO_TRUE=''
MCA_BUILD_ompi_coll_tuned_DSO_FALSE=''
MCA_BUILD_ompi_coll_tuned_DSO_TRUE=''
MCA_BUILD_ompi_common_monitoring_DSO_FALSE=''
MCA_BUILD_ompi_common_monitoring_DSO_TRUE=''
MCA_BUILD_ompi_common_ompio_DSO_FALSE=''
MCA_BUILD_ompi_common_ompio_DSO_TRUE=''
MCA_BUILD_ompi_crcp_bkmrk_DSO_FALSE=''
MCA_BUILD_ompi_crcp_bkmrk_DSO_TRUE=''
MCA_BUILD_ompi_fbtl_posix_DSO_FALSE=''
MCA_BUILD_ompi_fbtl_posix_DSO_TRUE=''
MCA_BUILD_ompi_fbtl_pvfs2_DSO_FALSE=''
MCA_BUILD_ompi_fbtl_pvfs2_DSO_TRUE=''
MCA_BUILD_ompi_fcoll_dynamic_DSO_FALSE=''
MCA_BUILD_ompi_fcoll_dynamic_DSO_TRUE=''
MCA_BUILD_ompi_fcoll_dynamic_gen2_DSO_FALSE=''
MCA_BUILD_ompi_fcoll_dynamic_gen2_DSO_TRUE=''
MCA_BUILD_ompi_fcoll_individual_DSO_FALSE=''
MCA_BUILD_ompi_fcoll_individual_DSO_TRUE=''
MCA_BUILD_ompi_fcoll_two_phase_DSO_FALSE=''
MCA_BUILD_ompi_fcoll_two_phase_DSO_TRUE=''
MCA_BUILD_ompi_fcoll_vulcan_DSO_FALSE=''
MCA_BUILD_ompi_fcoll_vulcan_DSO_TRUE=''
MCA_BUILD_ompi_fs_lustre_DSO_FALSE=''
MCA_BUILD_ompi_fs_lustre_DSO_TRUE=''
MCA_BUILD_ompi_fs_pvfs2_DSO_FALSE=''
MCA_BUILD_ompi_fs_pvfs2_DSO_TRUE=''
MCA_BUILD_ompi_fs_ufs_DSO_FALSE=''
MCA_BUILD_ompi_fs_ufs_DSO_TRUE=''
MCA_BUILD_ompi_io_ompio_DSO_FALSE=''
MCA_BUILD_ompi_io_ompio_DSO_TRUE=''
MCA_BUILD_ompi_io_romio321_DSO_FALSE=''
MCA_BUILD_ompi_io_romio321_DSO_TRUE=''
MCA_BUILD_ompi_mtl_ofi_DSO_FALSE=''
MCA_BUILD_ompi_mtl_ofi_DSO_TRUE=''
MCA_BUILD_ompi_mtl_portals4_DSO_FALSE=''
MCA_BUILD_ompi_mtl_portals4_DSO_TRUE=''
MCA_BUILD_ompi_mtl_psm2_DSO_FALSE=''
MCA_BUILD_ompi_mtl_psm2_DSO_TRUE=''
MCA_BUILD_ompi_mtl_psm_DSO_FALSE=''
MCA_BUILD_ompi_mtl_psm_DSO_TRUE=''
MCA_BUILD_ompi_osc_monitoring_DSO_FALSE=''
MCA_BUILD_ompi_osc_monitoring_DSO_TRUE=''
MCA_BUILD_ompi_osc_portals4_DSO_FALSE=''
MCA_BUILD_ompi_osc_portals4_DSO_TRUE=''
MCA_BUILD_ompi_osc_pt2pt_DSO_FALSE=''
MCA_BUILD_ompi_osc_pt2pt_DSO_TRUE=''
MCA_BUILD_ompi_osc_rdma_DSO_FALSE=''
MCA_BUILD_ompi_osc_rdma_DSO_TRUE=''
MCA_BUILD_ompi_osc_sm_DSO_FALSE=''
MCA_BUILD_ompi_osc_sm_DSO_TRUE=''
MCA_BUILD_ompi_osc_ucx_DSO_FALSE=''
MCA_BUILD_ompi_osc_ucx_DSO_TRUE=''
MCA_BUILD_ompi_pml_cm_DSO_FALSE=''
MCA_BUILD_ompi_pml_cm_DSO_TRUE=''
MCA_BUILD_ompi_pml_crcpw_DSO_FALSE=''
MCA_BUILD_ompi_pml_crcpw_DSO_TRUE=''
MCA_BUILD_ompi_pml_monitoring_DSO_FALSE=''
MCA_BUILD_ompi_pml_monitoring_DSO_TRUE=''
MCA_BUILD_ompi_pml_ob1_DSO_FALSE=''
MCA_BUILD_ompi_pml_ob1_DSO_TRUE=''
MCA_BUILD_ompi_pml_ucx_DSO_FALSE=''
MCA_BUILD_ompi_pml_ucx_DSO_TRUE=''
MCA_BUILD_ompi_pml_v_DSO_FALSE=''
MCA_BUILD_ompi_pml_v_DSO_TRUE=''
MCA_BUILD_ompi_pml_yalla_DSO_FALSE=''
MCA_BUILD_ompi_pml_yalla_DSO_TRUE=''
MCA_BUILD_ompi_rte_orte_DSO_FALSE=''
MCA_BUILD_ompi_rte_orte_DSO_TRUE=''
MCA_BUILD_ompi_rte_pmix_DSO_FALSE=''
MCA_BUILD_ompi_rte_pmix_DSO_TRUE=''
MCA_BUILD_ompi_sharedfp_individual_DSO_FALSE=''
MCA_BUILD_ompi_sharedfp_individual_DSO_TRUE=''
MCA_BUILD_ompi_sharedfp_lockedfile_DSO_FALSE=''
MCA_BUILD_ompi_sharedfp_lockedfile_DSO_TRUE=''
MCA_BUILD_ompi_sharedfp_sm_DSO_FALSE=''
MCA_BUILD_ompi_sharedfp_sm_DSO_TRUE=''
MCA_BUILD_ompi_topo_basic_DSO_FALSE=''
MCA_BUILD_ompi_topo_basic_DSO_TRUE=''
MCA_BUILD_ompi_topo_treematch_DSO_FALSE=''
MCA_BUILD_ompi_topo_treematch_DSO_TRUE=''
MCA_BUILD_ompi_vprotocol_pessimist_DSO_FALSE=''
MCA_BUILD_ompi_vprotocol_pessimist_DSO_TRUE=''
MCA_BUILD_opal_allocator_basic_DSO_FALSE=''
MCA_BUILD_opal_allocator_basic_DSO_TRUE=''
MCA_BUILD_opal_allocator_bucket_DSO_FALSE=''
MCA_BUILD_opal_allocator_bucket_DSO_TRUE=''
MCA_BUILD_opal_backtrace_execinfo_DSO_FALSE=''
MCA_BUILD_opal_backtrace_execinfo_DSO_TRUE=''
MCA_BUILD_opal_backtrace_none_DSO_FALSE=''
MCA_BUILD_opal_backtrace_none_DSO_TRUE=''
MCA_BUILD_opal_backtrace_printstack_DSO_FALSE=''
MCA_BUILD_opal_backtrace_printstack_DSO_TRUE=''
MCA_BUILD_opal_btl_openib_DSO_FALSE=''
MCA_BUILD_opal_btl_openib_DSO_TRUE=''
MCA_BUILD_opal_btl_portals4_DSO_FALSE=''
MCA_BUILD_opal_btl_portals4_DSO_TRUE=''
MCA_BUILD_opal_btl_self_DSO_FALSE=''
MCA_BUILD_opal_btl_self_DSO_TRUE=''
MCA_BUILD_opal_btl_sm_DSO_FALSE=''
MCA_BUILD_opal_btl_sm_DSO_TRUE=''
MCA_BUILD_opal_btl_smcuda_DSO_FALSE=''
MCA_BUILD_opal_btl_smcuda_DSO_TRUE=''
MCA_BUILD_opal_btl_tcp_DSO_FALSE=''
MCA_BUILD_opal_btl_tcp_DSO_TRUE=''
MCA_BUILD_opal_btl_uct_DSO_FALSE=''
MCA_BUILD_opal_btl_uct_DSO_TRUE=''
MCA_BUILD_opal_btl_ugni_DSO_FALSE=''
MCA_BUILD_opal_btl_ugni_DSO_TRUE=''
MCA_BUILD_opal_btl_usnic_DSO_FALSE=''
MCA_BUILD_opal_btl_usnic_DSO_TRUE=''
MCA_BUILD_opal_btl_vader_DSO_FALSE=''
MCA_BUILD_opal_btl_vader_DSO_TRUE=''
MCA_BUILD_opal_common_cuda_DSO_FALSE=''
MCA_BUILD_opal_common_cuda_DSO_TRUE=''
MCA_BUILD_opal_common_sm_DSO_FALSE=''
MCA_BUILD_opal_common_sm_DSO_TRUE=''
MCA_BUILD_opal_common_ucx_DSO_FALSE=''
MCA_BUILD_opal_common_ucx_DSO_TRUE=''
MCA_BUILD_opal_common_verbs_DSO_FALSE=''
MCA_BUILD_opal_common_verbs_DSO_TRUE=''
MCA_BUILD_opal_common_verbs_usnic_DSO_FALSE=''
MCA_BUILD_opal_common_verbs_usnic_DSO_TRUE=''
MCA_BUILD_opal_compress_bzip_DSO_FALSE=''
MCA_BUILD_opal_compress_bzip_DSO_TRUE=''
MCA_BUILD_opal_compress_gzip_DSO_FALSE=''
MCA_BUILD_opal_compress_gzip_DSO_TRUE=''
MCA_BUILD_opal_crs_none_DSO_FALSE=''
MCA_BUILD_opal_crs_none_DSO_TRUE=''
MCA_BUILD_opal_crs_self_DSO_FALSE=''
MCA_BUILD_opal_crs_self_DSO_TRUE=''
MCA_BUILD_opal_dl_dlopen_DSO_FALSE=''
MCA_BUILD_opal_dl_dlopen_DSO_TRUE=''
MCA_BUILD_opal_dl_libltdl_DSO_FALSE=''
MCA_BUILD_opal_dl_libltdl_DSO_TRUE=''
MCA_BUILD_opal_event_external_DSO_FALSE=''
MCA_BUILD_opal_event_external_DSO_TRUE=''
MCA_BUILD_opal_event_libevent2022_DSO_FALSE=''
MCA_BUILD_opal_event_libevent2022_DSO_TRUE=''
MCA_BUILD_opal_hwloc_external_DSO_FALSE=''
MCA_BUILD_opal_hwloc_external_DSO_TRUE=''
MCA_BUILD_opal_hwloc_hwloc201_DSO_FALSE=''
MCA_BUILD_opal_hwloc_hwloc201_DSO_TRUE=''
MCA_BUILD_opal_if_bsdx_ipv4_DSO_FALSE=''
MCA_BUILD_opal_if_bsdx_ipv4_DSO_TRUE=''
MCA_BUILD_opal_if_bsdx_ipv6_DSO_FALSE=''
MCA_BUILD_opal_if_bsdx_ipv6_DSO_TRUE=''
MCA_BUILD_opal_if_linux_ipv6_DSO_FALSE=''
MCA_BUILD_opal_if_linux_ipv6_DSO_TRUE=''
MCA_BUILD_opal_if_posix_ipv4_DSO_FALSE=''
MCA_BUILD_opal_if_posix_ipv4_DSO_TRUE=''
MCA_BUILD_opal_if_solaris_ipv6_DSO_FALSE=''
MCA_BUILD_opal_if_solaris_ipv6_DSO_TRUE=''
MCA_BUILD_opal_installdirs_config_DSO_FALSE=''
MCA_BUILD_opal_installdirs_config_DSO_TRUE=''
MCA_BUILD_opal_installdirs_env_DSO_FALSE=''
MCA_BUILD_opal_installdirs_env_DSO_TRUE=''
MCA_BUILD_opal_memchecker_valgrind_DSO_FALSE=''
MCA_BUILD_opal_memchecker_valgrind_DSO_TRUE=''
MCA_BUILD_opal_memory_malloc_solaris_DSO_FALSE=''
MCA_BUILD_opal_memory_malloc_solaris_DSO_TRUE=''
MCA_BUILD_opal_memory_patcher_DSO_FALSE=''
MCA_BUILD_opal_memory_patcher_DSO_TRUE=''
MCA_BUILD_opal_mpool_hugepage_DSO_FALSE=''
MCA_BUILD_opal_mpool_hugepage_DSO_TRUE=''
MCA_BUILD_opal_mpool_memkind_DSO_FALSE=''
MCA_BUILD_opal_mpool_memkind_DSO_TRUE=''
MCA_BUILD_opal_patcher_linux_DSO_FALSE=''
MCA_BUILD_opal_patcher_linux_DSO_TRUE=''
MCA_BUILD_opal_patcher_overwrite_DSO_FALSE=''
MCA_BUILD_opal_patcher_overwrite_DSO_TRUE=''
MCA_BUILD_opal_pmix_cray_DSO_FALSE=''
MCA_BUILD_opal_pmix_cray_DSO_TRUE=''
MCA_BUILD_opal_pmix_ext1x_DSO_FALSE=''
MCA_BUILD_opal_pmix_ext1x_DSO_TRUE=''
MCA_BUILD_opal_pmix_ext2x_DSO_FALSE=''
MCA_BUILD_opal_pmix_ext2x_DSO_TRUE=''
MCA_BUILD_opal_pmix_ext3x_DSO_FALSE=''
MCA_BUILD_opal_pmix_ext3x_DSO_TRUE=''
MCA_BUILD_opal_pmix_flux_DSO_FALSE=''
MCA_BUILD_opal_pmix_flux_DSO_TRUE=''
MCA_BUILD_opal_pmix_isolated_DSO_FALSE=''
MCA_BUILD_opal_pmix_isolated_DSO_TRUE=''
MCA_BUILD_opal_pmix_pmix3x_DSO_FALSE=''
MCA_BUILD_opal_pmix_pmix3x_DSO_TRUE=''
MCA_BUILD_opal_pmix_s1_DSO_FALSE=''
MCA_BUILD_opal_pmix_s1_DSO_TRUE=''
MCA_BUILD_opal_pmix_s2_DSO_FALSE=''
MCA_BUILD_opal_pmix_s2_DSO_TRUE=''
MCA_BUILD_opal_pstat_linux_DSO_FALSE=''
MCA_BUILD_opal_pstat_linux_DSO_TRUE=''
MCA_BUILD_opal_pstat_test_DSO_FALSE=''
MCA_BUILD_opal_pstat_test_DSO_TRUE=''
MCA_BUILD_opal_rcache_gpusm_DSO_FALSE=''
MCA_BUILD_opal_rcache_gpusm_DSO_TRUE=''
MCA_BUILD_opal_rcache_grdma_DSO_FALSE=''
MCA_BUILD_opal_rcache_grdma_DSO_TRUE=''
MCA_BUILD_opal_rcache_rgpusm_DSO_FALSE=''
MCA_BUILD_opal_rcache_rgpusm_DSO_TRUE=''
MCA_BUILD_opal_rcache_udreg_DSO_FALSE=''
MCA_BUILD_opal_rcache_udreg_DSO_TRUE=''
MCA_BUILD_opal_reachable_netlink_DSO_FALSE=''
MCA_BUILD_opal_reachable_netlink_DSO_TRUE=''
MCA_BUILD_opal_reachable_weighted_DSO_FALSE=''
MCA_BUILD_opal_reachable_weighted_DSO_TRUE=''
MCA_BUILD_opal_shmem_mmap_DSO_FALSE=''
MCA_BUILD_opal_shmem_mmap_DSO_TRUE=''
MCA_BUILD_opal_shmem_posix_DSO_FALSE=''
MCA_BUILD_opal_shmem_posix_DSO_TRUE=''
MCA_BUILD_opal_shmem_sysv_DSO_FALSE=''
MCA_BUILD_opal_shmem_sysv_DSO_TRUE=''
MCA_BUILD_opal_timer_altix_DSO_FALSE=''
MCA_BUILD_opal_timer_altix_DSO_TRUE=''
MCA_BUILD_opal_timer_darwin_DSO_FALSE=''
MCA_BUILD_opal_timer_darwin_DSO_TRUE=''
MCA_BUILD_opal_timer_linux_DSO_FALSE=''
MCA_BUILD_opal_timer_linux_DSO_TRUE=''
MCA_BUILD_opal_timer_solaris_DSO_FALSE=''
MCA_BUILD_opal_timer_solaris_DSO_TRUE=''
MCA_BUILD_orte_common_alps_DSO_FALSE=''
MCA_BUILD_orte_common_alps_DSO_TRUE=''
MCA_BUILD_orte_errmgr_default_app_DSO_FALSE=''
MCA_BUILD_orte_errmgr_default_app_DSO_TRUE=''
MCA_BUILD_orte_errmgr_default_hnp_DSO_FALSE=''
MCA_BUILD_orte_errmgr_default_hnp_DSO_TRUE=''
MCA_BUILD_orte_errmgr_default_orted_DSO_FALSE=''
MCA_BUILD_orte_errmgr_default_orted_DSO_TRUE=''
MCA_BUILD_orte_errmgr_default_tool_DSO_FALSE=''
MCA_BUILD_orte_errmgr_default_tool_DSO_TRUE=''
MCA_BUILD_orte_ess_alps_DSO_FALSE=''
MCA_BUILD_orte_ess_alps_DSO_TRUE=''
MCA_BUILD_orte_ess_env_DSO_FALSE=''
MCA_BUILD_orte_ess_env_DSO_TRUE=''
MCA_BUILD_orte_ess_hnp_DSO_FALSE=''
MCA_BUILD_orte_ess_hnp_DSO_TRUE=''
MCA_BUILD_orte_ess_lsf_DSO_FALSE=''
MCA_BUILD_orte_ess_lsf_DSO_TRUE=''
MCA_BUILD_orte_ess_pmi_DSO_FALSE=''
MCA_BUILD_orte_ess_pmi_DSO_TRUE=''
MCA_BUILD_orte_ess_singleton_DSO_FALSE=''
MCA_BUILD_orte_ess_singleton_DSO_TRUE=''
MCA_BUILD_orte_ess_slurm_DSO_FALSE=''
MCA_BUILD_orte_ess_slurm_DSO_TRUE=''
MCA_BUILD_orte_ess_tm_DSO_FALSE=''
MCA_BUILD_orte_ess_tm_DSO_TRUE=''
MCA_BUILD_orte_ess_tool_DSO_FALSE=''
MCA_BUILD_orte_ess_tool_DSO_TRUE=''
MCA_BUILD_orte_filem_raw_DSO_FALSE=''
MCA_BUILD_orte_filem_raw_DSO_TRUE=''
MCA_BUILD_orte_grpcomm_direct_DSO_FALSE=''
MCA_BUILD_orte_grpcomm_direct_DSO_TRUE=''
MCA_BUILD_orte_iof_hnp_DSO_FALSE=''
MCA_BUILD_orte_iof_hnp_DSO_TRUE=''
MCA_BUILD_orte_iof_orted_DSO_FALSE=''
MCA_BUILD_orte_iof_orted_DSO_TRUE=''
MCA_BUILD_orte_iof_tool_DSO_FALSE=''
MCA_BUILD_orte_iof_tool_DSO_TRUE=''
MCA_BUILD_orte_odls_alps_DSO_FALSE=''
MCA_BUILD_orte_odls_alps_DSO_TRUE=''
MCA_BUILD_orte_odls_default_DSO_FALSE=''
MCA_BUILD_orte_odls_default_DSO_TRUE=''
MCA_BUILD_orte_odls_pspawn_DSO_FALSE=''
MCA_BUILD_orte_odls_pspawn_DSO_TRUE=''
MCA_BUILD_orte_oob_alps_DSO_FALSE=''
MCA_BUILD_orte_oob_alps_DSO_TRUE=''
MCA_BUILD_orte_oob_tcp_DSO_FALSE=''
MCA_BUILD_orte_oob_tcp_DSO_TRUE=''
MCA_BUILD_orte_plm_alps_DSO_FALSE=''
MCA_BUILD_orte_plm_alps_DSO_TRUE=''
MCA_BUILD_orte_plm_isolated_DSO_FALSE=''
MCA_BUILD_orte_plm_isolated_DSO_TRUE=''
MCA_BUILD_orte_plm_lsf_DSO_FALSE=''
MCA_BUILD_orte_plm_lsf_DSO_TRUE=''
MCA_BUILD_orte_plm_rsh_DSO_FALSE=''
MCA_BUILD_orte_plm_rsh_DSO_TRUE=''
MCA_BUILD_orte_plm_slurm_DSO_FALSE=''
MCA_BUILD_orte_plm_slurm_DSO_TRUE=''
MCA_BUILD_orte_plm_tm_DSO_FALSE=''
MCA_BUILD_orte_plm_tm_DSO_TRUE=''
MCA_BUILD_orte_ras_alps_DSO_FALSE=''
MCA_BUILD_orte_ras_alps_DSO_TRUE=''
MCA_BUILD_orte_ras_gridengine_DSO_FALSE=''
MCA_BUILD_orte_ras_gridengine_DSO_TRUE=''
MCA_BUILD_orte_ras_lsf_DSO_FALSE=''
MCA_BUILD_orte_ras_lsf_DSO_TRUE=''
MCA_BUILD_orte_ras_simulator_DSO_FALSE=''
MCA_BUILD_orte_ras_simulator_DSO_TRUE=''
MCA_BUILD_orte_ras_slurm_DSO_FALSE=''
MCA_BUILD_orte_ras_slurm_DSO_TRUE=''
MCA_BUILD_orte_ras_tm_DSO_FALSE=''
MCA_BUILD_orte_ras_tm_DSO_TRUE=''
MCA_BUILD_orte_regx_fwd_DSO_FALSE=''
MCA_BUILD_orte_regx_fwd_DSO_TRUE=''
MCA_BUILD_orte_regx_naive_DSO_FALSE=''
MCA_BUILD_orte_regx_naive_DSO_TRUE=''
MCA_BUILD_orte_regx_reverse_DSO_FALSE=''
MCA_BUILD_orte_regx_reverse_DSO_TRUE=''
MCA_BUILD_orte_rmaps_mindist_DSO_FALSE=''
MCA_BUILD_orte_rmaps_mindist_DSO_TRUE=''
MCA_BUILD_orte_rmaps_ppr_DSO_FALSE=''
MCA_BUILD_orte_rmaps_ppr_DSO_TRUE=''
MCA_BUILD_orte_rmaps_rank_file_DSO_FALSE=''
MCA_BUILD_orte_rmaps_rank_file_DSO_TRUE=''
MCA_BUILD_orte_rmaps_resilient_DSO_FALSE=''
MCA_BUILD_orte_rmaps_resilient_DSO_TRUE=''
MCA_BUILD_orte_rmaps_round_robin_DSO_FALSE=''
MCA_BUILD_orte_rmaps_round_robin_DSO_TRUE=''
MCA_BUILD_orte_rmaps_seq_DSO_FALSE=''
MCA_BUILD_orte_rmaps_seq_DSO_TRUE=''
MCA_BUILD_orte_rml_oob_DSO_FALSE=''
MCA_BUILD_orte_rml_oob_DSO_TRUE=''
MCA_BUILD_orte_routed_binomial_DSO_FALSE=''
MCA_BUILD_orte_routed_binomial_DSO_TRUE=''
MCA_BUILD_orte_routed_direct_DSO_FALSE=''
MCA_BUILD_orte_routed_direct_DSO_TRUE=''
MCA_BUILD_orte_routed_radix_DSO_FALSE=''
MCA_BUILD_orte_routed_radix_DSO_TRUE=''
MCA_BUILD_orte_rtc_hwloc_DSO_FALSE=''
MCA_BUILD_orte_rtc_hwloc_DSO_TRUE=''
MCA_BUILD_orte_schizo_alps_DSO_FALSE=''
MCA_BUILD_orte_schizo_alps_DSO_TRUE=''
MCA_BUILD_orte_schizo_flux_DSO_FALSE=''
MCA_BUILD_orte_schizo_flux_DSO_TRUE=''
MCA_BUILD_orte_schizo_moab_DSO_FALSE=''
MCA_BUILD_orte_schizo_moab_DSO_TRUE=''
MCA_BUILD_orte_schizo_ompi_DSO_FALSE=''
MCA_BUILD_orte_schizo_ompi_DSO_TRUE=''
MCA_BUILD_orte_schizo_orte_DSO_FALSE=''
MCA_BUILD_orte_schizo_orte_DSO_TRUE=''
MCA_BUILD_orte_schizo_singularity_DSO_FALSE=''
MCA_BUILD_orte_schizo_singularity_DSO_TRUE=''
MCA_BUILD_orte_schizo_slurm_DSO_FALSE=''
MCA_BUILD_orte_schizo_slurm_DSO_TRUE=''
MCA_BUILD_orte_snapc_full_DSO_FALSE=''
MCA_BUILD_orte_snapc_full_DSO_TRUE=''
MCA_BUILD_orte_sstore_central_DSO_FALSE=''
MCA_BUILD_orte_sstore_central_DSO_TRUE=''
MCA_BUILD_orte_sstore_stage_DSO_FALSE=''
MCA_BUILD_orte_sstore_stage_DSO_TRUE=''
MCA_BUILD_orte_state_app_DSO_FALSE=''
MCA_BUILD_orte_state_app_DSO_TRUE=''
MCA_BUILD_orte_state_hnp_DSO_FALSE=''
MCA_BUILD_orte_state_hnp_DSO_TRUE=''
MCA_BUILD_orte_state_novm_DSO_FALSE=''
MCA_BUILD_orte_state_novm_DSO_TRUE=''
MCA_BUILD_orte_state_orted_DSO_FALSE=''
MCA_BUILD_orte_state_orted_DSO_TRUE=''
MCA_BUILD_orte_state_tool_DSO_FALSE=''
MCA_BUILD_orte_state_tool_DSO_TRUE=''
MCA_BUILD_oshmem_atomic_basic_DSO_FALSE=''
MCA_BUILD_oshmem_atomic_basic_DSO_TRUE=''
MCA_BUILD_oshmem_atomic_mxm_DSO_FALSE=''
MCA_BUILD_oshmem_atomic_mxm_DSO_TRUE=''
MCA_BUILD_oshmem_atomic_ucx_DSO_FALSE=''
MCA_BUILD_oshmem_atomic_ucx_DSO_TRUE=''
MCA_BUILD_oshmem_memheap_buddy_DSO_FALSE=''
MCA_BUILD_oshmem_memheap_buddy_DSO_TRUE=''
MCA_BUILD_oshmem_memheap_ptmalloc_DSO_FALSE=''
MCA_BUILD_oshmem_memheap_ptmalloc_DSO_TRUE=''
MCA_BUILD_oshmem_scoll_basic_DSO_FALSE=''
MCA_BUILD_oshmem_scoll_basic_DSO_TRUE=''
MCA_BUILD_oshmem_scoll_fca_DSO_FALSE=''
MCA_BUILD_oshmem_scoll_fca_DSO_TRUE=''
MCA_BUILD_oshmem_scoll_mpi_DSO_FALSE=''
MCA_BUILD_oshmem_scoll_mpi_DSO_TRUE=''
MCA_BUILD_oshmem_spml_ikrit_DSO_FALSE=''
MCA_BUILD_oshmem_spml_ikrit_DSO_TRUE=''
MCA_BUILD_oshmem_spml_ucx_DSO_FALSE=''
MCA_BUILD_oshmem_spml_ucx_DSO_TRUE=''
MCA_BUILD_oshmem_sshmem_mmap_DSO_FALSE=''
MCA_BUILD_oshmem_sshmem_mmap_DSO_TRUE=''
MCA_BUILD_oshmem_sshmem_sysv_DSO_FALSE=''
MCA_BUILD_oshmem_sshmem_sysv_DSO_TRUE=''
MCA_BUILD_oshmem_sshmem_ucx_DSO_FALSE=''
MCA_BUILD_oshmem_sshmem_ucx_DSO_TRUE=''
MCA_BUILD_oshmem_sshmem_verbs_DSO_FALSE=''
MCA_BUILD_oshmem_sshmem_verbs_DSO_TRUE=''
MCA_PROJECT_DIST_SUBDIRS=''
MCA_PROJECT_SUBDIRS=''
MCA_btl_openib_have_dynamic_sl_FALSE=''
MCA_btl_openib_have_dynamic_sl_TRUE=''
MCA_btl_openib_have_rdmacm_FALSE=''
MCA_btl_openib_have_rdmacm_TRUE=''
MCA_btl_openib_have_udcm_FALSE=''
MCA_btl_openib_have_udcm_TRUE=''
MCA_btl_openib_have_xrc_FALSE=''
MCA_btl_openib_have_xrc_TRUE=''
MCA_io_romio321_SHOULD_BUILD_FALSE=''
MCA_io_romio321_SHOULD_BUILD_TRUE=''
MCA_ompi_FRAMEWORKS=''
MCA_ompi_FRAMEWORKS_SUBDIRS=''
MCA_ompi_FRAMEWORK_COMPONENT_ALL_SUBDIRS=''
MCA_ompi_FRAMEWORK_COMPONENT_DSO_SUBDIRS=''
MCA_ompi_FRAMEWORK_COMPONENT_STATIC_SUBDIRS=''
MCA_ompi_FRAMEWORK_LIBS=''
MCA_ompi_bml_ALL_COMPONENTS=''
MCA_ompi_bml_ALL_SUBDIRS=''
MCA_ompi_bml_DSO_COMPONENTS=''
MCA_ompi_bml_DSO_SUBDIRS=''
MCA_ompi_bml_STATIC_COMPONENTS=''
MCA_ompi_bml_STATIC_LTLIBS=''
MCA_ompi_bml_STATIC_SUBDIRS=''
MCA_ompi_coll_ALL_COMPONENTS=''
MCA_ompi_coll_ALL_SUBDIRS=''
MCA_ompi_coll_DSO_COMPONENTS=''
MCA_ompi_coll_DSO_SUBDIRS=''
MCA_ompi_coll_STATIC_COMPONENTS=''
MCA_ompi_coll_STATIC_LTLIBS=''
MCA_ompi_coll_STATIC_SUBDIRS=''
MCA_ompi_common_ALL_COMPONENTS=''
MCA_ompi_common_ALL_SUBDIRS=''
MCA_ompi_common_DSO_COMPONENTS=''
MCA_ompi_common_DSO_SUBDIRS=''
MCA_ompi_common_STATIC_COMPONENTS=''
MCA_ompi_common_STATIC_LTLIBS=''
MCA_ompi_common_STATIC_SUBDIRS=''
MCA_ompi_crcp_ALL_COMPONENTS=''
MCA_ompi_crcp_ALL_SUBDIRS=''
MCA_ompi_crcp_DSO_COMPONENTS=''
MCA_ompi_crcp_DSO_SUBDIRS=''
MCA_ompi_crcp_STATIC_COMPONENTS=''
MCA_ompi_crcp_STATIC_LTLIBS=''
MCA_ompi_crcp_STATIC_SUBDIRS=''
MCA_ompi_fbtl_ALL_COMPONENTS=''
MCA_ompi_fbtl_ALL_SUBDIRS=''
MCA_ompi_fbtl_DSO_COMPONENTS=''
MCA_ompi_fbtl_DSO_SUBDIRS=''
MCA_ompi_fbtl_STATIC_COMPONENTS=''
MCA_ompi_fbtl_STATIC_LTLIBS=''
MCA_ompi_fbtl_STATIC_SUBDIRS=''
MCA_ompi_fcoll_ALL_COMPONENTS=''
MCA_ompi_fcoll_ALL_SUBDIRS=''
MCA_ompi_fcoll_DSO_COMPONENTS=''
MCA_ompi_fcoll_DSO_SUBDIRS=''
MCA_ompi_fcoll_STATIC_COMPONENTS=''
MCA_ompi_fcoll_STATIC_LTLIBS=''
MCA_ompi_fcoll_STATIC_SUBDIRS=''
MCA_ompi_fs_ALL_COMPONENTS=''
MCA_ompi_fs_ALL_SUBDIRS=''
MCA_ompi_fs_DSO_COMPONENTS=''
MCA_ompi_fs_DSO_SUBDIRS=''
MCA_ompi_fs_STATIC_COMPONENTS=''
MCA_ompi_fs_STATIC_LTLIBS=''
MCA_ompi_fs_STATIC_SUBDIRS=''
MCA_ompi_hook_ALL_COMPONENTS=''
MCA_ompi_hook_ALL_SUBDIRS=''
MCA_ompi_hook_DSO_COMPONENTS=''
MCA_ompi_hook_DSO_SUBDIRS=''
MCA_ompi_hook_STATIC_COMPONENTS=''
MCA_ompi_hook_STATIC_LTLIBS=''
MCA_ompi_hook_STATIC_SUBDIRS=''
MCA_ompi_io_ALL_COMPONENTS=''
MCA_ompi_io_ALL_SUBDIRS=''
MCA_ompi_io_DSO_COMPONENTS=''
MCA_ompi_io_DSO_SUBDIRS=''
MCA_ompi_io_STATIC_COMPONENTS=''
MCA_ompi_io_STATIC_LTLIBS=''
MCA_ompi_io_STATIC_SUBDIRS=''
MCA_ompi_mtl_ALL_COMPONENTS=''
MCA_ompi_mtl_ALL_SUBDIRS=''
MCA_ompi_mtl_DIRECT_CALL_HEADER=''
MCA_ompi_mtl_DSO_COMPONENTS=''
MCA_ompi_mtl_DSO_SUBDIRS=''
MCA_ompi_mtl_STATIC_COMPONENTS=''
MCA_ompi_mtl_STATIC_LTLIBS=''
MCA_ompi_mtl_STATIC_SUBDIRS=''
MCA_ompi_op_ALL_COMPONENTS=''
MCA_ompi_op_ALL_SUBDIRS=''
MCA_ompi_op_DSO_COMPONENTS=''
MCA_ompi_op_DSO_SUBDIRS=''
MCA_ompi_op_STATIC_COMPONENTS=''
MCA_ompi_op_STATIC_LTLIBS=''
MCA_ompi_op_STATIC_SUBDIRS=''
MCA_ompi_osc_ALL_COMPONENTS=''
MCA_ompi_osc_ALL_SUBDIRS=''
MCA_ompi_osc_DSO_COMPONENTS=''
MCA_ompi_osc_DSO_SUBDIRS=''
MCA_ompi_osc_STATIC_COMPONENTS=''
MCA_ompi_osc_STATIC_LTLIBS=''
MCA_ompi_osc_STATIC_SUBDIRS=''
MCA_ompi_pml_ALL_COMPONENTS=''
MCA_ompi_pml_ALL_SUBDIRS=''
MCA_ompi_pml_DIRECT_CALL_HEADER=''
MCA_ompi_pml_DSO_COMPONENTS=''
MCA_ompi_pml_DSO_SUBDIRS=''
MCA_ompi_pml_STATIC_COMPONENTS=''
MCA_ompi_pml_STATIC_LTLIBS=''
MCA_ompi_pml_STATIC_SUBDIRS=''
MCA_ompi_rte_ALL_COMPONENTS=''
MCA_ompi_rte_ALL_SUBDIRS=''
MCA_ompi_rte_DSO_COMPONENTS=''
MCA_ompi_rte_DSO_SUBDIRS=''
MCA_ompi_rte_STATIC_COMPONENTS=''
MCA_ompi_rte_STATIC_LTLIBS=''
MCA_ompi_rte_STATIC_SUBDIRS=''
MCA_ompi_sharedfp_ALL_COMPONENTS=''
MCA_ompi_sharedfp_ALL_SUBDIRS=''
MCA_ompi_sharedfp_DSO_COMPONENTS=''
MCA_ompi_sharedfp_DSO_SUBDIRS=''
MCA_ompi_sharedfp_STATIC_COMPONENTS=''
MCA_ompi_sharedfp_STATIC_LTLIBS=''
MCA_ompi_sharedfp_STATIC_SUBDIRS=''
MCA_ompi_topo_ALL_COMPONENTS=''
MCA_ompi_topo_ALL_SUBDIRS=''
MCA_ompi_topo_DSO_COMPONENTS=''
MCA_ompi_topo_DSO_SUBDIRS=''
MCA_ompi_topo_STATIC_COMPONENTS=''
MCA_ompi_topo_STATIC_LTLIBS=''
MCA_ompi_topo_STATIC_SUBDIRS=''
MCA_ompi_vprotocol_ALL_COMPONENTS=''
MCA_ompi_vprotocol_ALL_SUBDIRS=''
MCA_ompi_vprotocol_DSO_COMPONENTS=''
MCA_ompi_vprotocol_DSO_SUBDIRS=''
MCA_ompi_vprotocol_STATIC_COMPONENTS=''
MCA_ompi_vprotocol_STATIC_LTLIBS=''
MCA_ompi_vprotocol_STATIC_SUBDIRS=''
MCA_opal_FRAMEWORKS=''
MCA_opal_FRAMEWORKS_SUBDIRS=''
MCA_opal_FRAMEWORK_COMPONENT_ALL_SUBDIRS=''
MCA_opal_FRAMEWORK_COMPONENT_DSO_SUBDIRS=''
MCA_opal_FRAMEWORK_COMPONENT_STATIC_SUBDIRS=''
MCA_opal_FRAMEWORK_LIBS=''
MCA_opal_allocator_ALL_COMPONENTS=''
MCA_opal_allocator_ALL_SUBDIRS=''
MCA_opal_allocator_DSO_COMPONENTS=''
MCA_opal_allocator_DSO_SUBDIRS=''
MCA_opal_allocator_STATIC_COMPONENTS=''
MCA_opal_allocator_STATIC_LTLIBS=''
MCA_opal_allocator_STATIC_SUBDIRS=''
MCA_opal_backtrace_ALL_COMPONENTS=''
MCA_opal_backtrace_ALL_SUBDIRS=''
MCA_opal_backtrace_DSO_COMPONENTS=''
MCA_opal_backtrace_DSO_SUBDIRS=''
MCA_opal_backtrace_STATIC_COMPONENTS=''
MCA_opal_backtrace_STATIC_LTLIBS=''
MCA_opal_backtrace_STATIC_SUBDIRS=''
MCA_opal_btl_ALL_COMPONENTS=''
MCA_opal_btl_ALL_SUBDIRS=''
MCA_opal_btl_DSO_COMPONENTS=''
MCA_opal_btl_DSO_SUBDIRS=''
MCA_opal_btl_STATIC_COMPONENTS=''
MCA_opal_btl_STATIC_LTLIBS=''
MCA_opal_btl_STATIC_SUBDIRS=''
MCA_opal_common_ALL_COMPONENTS=''
MCA_opal_common_ALL_SUBDIRS=''
MCA_opal_common_DSO_COMPONENTS=''
MCA_opal_common_DSO_SUBDIRS=''
MCA_opal_common_STATIC_COMPONENTS=''
MCA_opal_common_STATIC_LTLIBS=''
MCA_opal_common_STATIC_SUBDIRS=''
MCA_opal_compress_ALL_COMPONENTS=''
MCA_opal_compress_ALL_SUBDIRS=''
MCA_opal_compress_DSO_COMPONENTS=''
MCA_opal_compress_DSO_SUBDIRS=''
MCA_opal_compress_STATIC_COMPONENTS=''
MCA_opal_compress_STATIC_LTLIBS=''
MCA_opal_compress_STATIC_SUBDIRS=''
MCA_opal_crs_ALL_COMPONENTS=''
MCA_opal_crs_ALL_SUBDIRS=''
MCA_opal_crs_DSO_COMPONENTS=''
MCA_opal_crs_DSO_SUBDIRS=''
MCA_opal_crs_STATIC_COMPONENTS=''
MCA_opal_crs_STATIC_LTLIBS=''
MCA_opal_crs_STATIC_SUBDIRS=''
MCA_opal_dl_ALL_COMPONENTS=''
MCA_opal_dl_ALL_SUBDIRS=''
MCA_opal_dl_DSO_COMPONENTS=''
MCA_opal_dl_DSO_SUBDIRS=''
MCA_opal_dl_STATIC_COMPONENTS=''
MCA_opal_dl_STATIC_LTLIBS=''
MCA_opal_dl_STATIC_SUBDIRS=''
MCA_opal_event_ALL_COMPONENTS=''
MCA_opal_event_ALL_SUBDIRS=''
MCA_opal_event_DSO_COMPONENTS=''
MCA_opal_event_DSO_SUBDIRS=''
MCA_opal_event_STATIC_COMPONENTS=''
MCA_opal_event_STATIC_LTLIBS=''
MCA_opal_event_STATIC_SUBDIRS=''
MCA_opal_hwloc_ALL_COMPONENTS=''
MCA_opal_hwloc_ALL_SUBDIRS=''
MCA_opal_hwloc_DSO_COMPONENTS=''
MCA_opal_hwloc_DSO_SUBDIRS=''
MCA_opal_hwloc_STATIC_COMPONENTS=''
MCA_opal_hwloc_STATIC_LTLIBS=''
MCA_opal_hwloc_STATIC_SUBDIRS=''
MCA_opal_if_ALL_COMPONENTS=''
MCA_opal_if_ALL_SUBDIRS=''
MCA_opal_if_DSO_COMPONENTS=''
MCA_opal_if_DSO_SUBDIRS=''
MCA_opal_if_STATIC_COMPONENTS=''
MCA_opal_if_STATIC_LTLIBS=''
MCA_opal_if_STATIC_SUBDIRS=''
MCA_opal_installdirs_ALL_COMPONENTS=''
MCA_opal_installdirs_ALL_SUBDIRS=''
MCA_opal_installdirs_DSO_COMPONENTS=''
MCA_opal_installdirs_DSO_SUBDIRS=''
MCA_opal_installdirs_STATIC_COMPONENTS=''
MCA_opal_installdirs_STATIC_LTLIBS=''
MCA_opal_installdirs_STATIC_SUBDIRS=''
MCA_opal_memchecker_ALL_COMPONENTS=''
MCA_opal_memchecker_ALL_SUBDIRS=''
MCA_opal_memchecker_DSO_COMPONENTS=''
MCA_opal_memchecker_DSO_SUBDIRS=''
MCA_opal_memchecker_STATIC_COMPONENTS=''
MCA_opal_memchecker_STATIC_LTLIBS=''
MCA_opal_memchecker_STATIC_SUBDIRS=''
MCA_opal_memcpy_ALL_COMPONENTS=''
MCA_opal_memcpy_ALL_SUBDIRS=''
MCA_opal_memcpy_DSO_COMPONENTS=''
MCA_opal_memcpy_DSO_SUBDIRS=''
MCA_opal_memcpy_STATIC_COMPONENTS=''
MCA_opal_memcpy_STATIC_LTLIBS=''
MCA_opal_memcpy_STATIC_SUBDIRS=''
MCA_opal_memory_ALL_COMPONENTS=''
MCA_opal_memory_ALL_SUBDIRS=''
MCA_opal_memory_DSO_COMPONENTS=''
MCA_opal_memory_DSO_SUBDIRS=''
MCA_opal_memory_STATIC_COMPONENTS=''
MCA_opal_memory_STATIC_LTLIBS=''
MCA_opal_memory_STATIC_SUBDIRS=''
MCA_opal_mpool_ALL_COMPONENTS=''
MCA_opal_mpool_ALL_SUBDIRS=''
MCA_opal_mpool_DSO_COMPONENTS=''
MCA_opal_mpool_DSO_SUBDIRS=''
MCA_opal_mpool_STATIC_COMPONENTS=''
MCA_opal_mpool_STATIC_LTLIBS=''
MCA_opal_mpool_STATIC_SUBDIRS=''
MCA_opal_patcher_ALL_COMPONENTS=''
MCA_opal_patcher_ALL_SUBDIRS=''
MCA_opal_patcher_DSO_COMPONENTS=''
MCA_opal_patcher_DSO_SUBDIRS=''
MCA_opal_patcher_STATIC_COMPONENTS=''
MCA_opal_patcher_STATIC_LTLIBS=''
MCA_opal_patcher_STATIC_SUBDIRS=''
MCA_opal_pmix_ALL_COMPONENTS=''
MCA_opal_pmix_ALL_SUBDIRS=''
MCA_opal_pmix_DSO_COMPONENTS=''
MCA_opal_pmix_DSO_SUBDIRS=''
MCA_opal_pmix_STATIC_COMPONENTS=''
MCA_opal_pmix_STATIC_LTLIBS=''
MCA_opal_pmix_STATIC_SUBDIRS=''
MCA_opal_pstat_ALL_COMPONENTS=''
MCA_opal_pstat_ALL_SUBDIRS=''
MCA_opal_pstat_DSO_COMPONENTS=''
MCA_opal_pstat_DSO_SUBDIRS=''
MCA_opal_pstat_STATIC_COMPONENTS=''
MCA_opal_pstat_STATIC_LTLIBS=''
MCA_opal_pstat_STATIC_SUBDIRS=''
MCA_opal_rcache_ALL_COMPONENTS=''
MCA_opal_rcache_ALL_SUBDIRS=''
MCA_opal_rcache_DSO_COMPONENTS=''
MCA_opal_rcache_DSO_SUBDIRS=''
MCA_opal_rcache_STATIC_COMPONENTS=''
MCA_opal_rcache_STATIC_LTLIBS=''
MCA_opal_rcache_STATIC_SUBDIRS=''
MCA_opal_reachable_ALL_COMPONENTS=''
MCA_opal_reachable_ALL_SUBDIRS=''
MCA_opal_reachable_DSO_COMPONENTS=''
MCA_opal_reachable_DSO_SUBDIRS=''
MCA_opal_reachable_STATIC_COMPONENTS=''
MCA_opal_reachable_STATIC_LTLIBS=''
MCA_opal_reachable_STATIC_SUBDIRS=''
MCA_opal_shmem_ALL_COMPONENTS=''
MCA_opal_shmem_ALL_SUBDIRS=''
MCA_opal_shmem_DSO_COMPONENTS=''
MCA_opal_shmem_DSO_SUBDIRS=''
MCA_opal_shmem_STATIC_COMPONENTS=''
MCA_opal_shmem_STATIC_LTLIBS=''
MCA_opal_shmem_STATIC_SUBDIRS=''
MCA_opal_timer_ALL_COMPONENTS=''
MCA_opal_timer_ALL_SUBDIRS=''
MCA_opal_timer_DSO_COMPONENTS=''
MCA_opal_timer_DSO_SUBDIRS=''
MCA_opal_timer_STATIC_COMPONENTS=''
MCA_opal_timer_STATIC_LTLIBS=''
MCA_opal_timer_STATIC_SUBDIRS=''
MCA_orte_FRAMEWORKS=''
MCA_orte_FRAMEWORKS_SUBDIRS=''
MCA_orte_FRAMEWORK_COMPONENT_ALL_SUBDIRS=''
MCA_orte_FRAMEWORK_COMPONENT_DSO_SUBDIRS=''
MCA_orte_FRAMEWORK_COMPONENT_STATIC_SUBDIRS=''
MCA_orte_FRAMEWORK_LIBS=''
MCA_orte_common_ALL_COMPONENTS=''
MCA_orte_common_ALL_SUBDIRS=''
MCA_orte_common_DSO_COMPONENTS=''
MCA_orte_common_DSO_SUBDIRS=''
MCA_orte_common_STATIC_COMPONENTS=''
MCA_orte_common_STATIC_LTLIBS=''
MCA_orte_common_STATIC_SUBDIRS=''
MCA_orte_errmgr_ALL_COMPONENTS=''
MCA_orte_errmgr_ALL_SUBDIRS=''
MCA_orte_errmgr_DSO_COMPONENTS=''
MCA_orte_errmgr_DSO_SUBDIRS=''
MCA_orte_errmgr_STATIC_COMPONENTS=''
MCA_orte_errmgr_STATIC_LTLIBS=''
MCA_orte_errmgr_STATIC_SUBDIRS=''
MCA_orte_ess_ALL_COMPONENTS=''
MCA_orte_ess_ALL_SUBDIRS=''
MCA_orte_ess_DSO_COMPONENTS=''
MCA_orte_ess_DSO_SUBDIRS=''
MCA_orte_ess_STATIC_COMPONENTS=''
MCA_orte_ess_STATIC_LTLIBS=''
MCA_orte_ess_STATIC_SUBDIRS=''
MCA_orte_filem_ALL_COMPONENTS=''
MCA_orte_filem_ALL_SUBDIRS=''
MCA_orte_filem_DSO_COMPONENTS=''
MCA_orte_filem_DSO_SUBDIRS=''
MCA_orte_filem_STATIC_COMPONENTS=''
MCA_orte_filem_STATIC_LTLIBS=''
MCA_orte_filem_STATIC_SUBDIRS=''
MCA_orte_grpcomm_ALL_COMPONENTS=''
MCA_orte_grpcomm_ALL_SUBDIRS=''
MCA_orte_grpcomm_DSO_COMPONENTS=''
MCA_orte_grpcomm_DSO_SUBDIRS=''
MCA_orte_grpcomm_STATIC_COMPONENTS=''
MCA_orte_grpcomm_STATIC_LTLIBS=''
MCA_orte_grpcomm_STATIC_SUBDIRS=''
MCA_orte_iof_ALL_COMPONENTS=''
MCA_orte_iof_ALL_SUBDIRS=''
MCA_orte_iof_DSO_COMPONENTS=''
MCA_orte_iof_DSO_SUBDIRS=''
MCA_orte_iof_STATIC_COMPONENTS=''
MCA_orte_iof_STATIC_LTLIBS=''
MCA_orte_iof_STATIC_SUBDIRS=''
MCA_orte_odls_ALL_COMPONENTS=''
MCA_orte_odls_ALL_SUBDIRS=''
MCA_orte_odls_DSO_COMPONENTS=''
MCA_orte_odls_DSO_SUBDIRS=''
MCA_orte_odls_STATIC_COMPONENTS=''
MCA_orte_odls_STATIC_LTLIBS=''
MCA_orte_odls_STATIC_SUBDIRS=''
MCA_orte_oob_ALL_COMPONENTS=''
MCA_orte_oob_ALL_SUBDIRS=''
MCA_orte_oob_DSO_COMPONENTS=''
MCA_orte_oob_DSO_SUBDIRS=''
MCA_orte_oob_STATIC_COMPONENTS=''
MCA_orte_oob_STATIC_LTLIBS=''
MCA_orte_oob_STATIC_SUBDIRS=''
MCA_orte_plm_ALL_COMPONENTS=''
MCA_orte_plm_ALL_SUBDIRS=''
MCA_orte_plm_DSO_COMPONENTS=''
MCA_orte_plm_DSO_SUBDIRS=''
MCA_orte_plm_STATIC_COMPONENTS=''
MCA_orte_plm_STATIC_LTLIBS=''
MCA_orte_plm_STATIC_SUBDIRS=''
MCA_orte_ras_ALL_COMPONENTS=''
MCA_orte_ras_ALL_SUBDIRS=''
MCA_orte_ras_DSO_COMPONENTS=''
MCA_orte_ras_DSO_SUBDIRS=''
MCA_orte_ras_STATIC_COMPONENTS=''
MCA_orte_ras_STATIC_LTLIBS=''
MCA_orte_ras_STATIC_SUBDIRS=''
MCA_orte_regx_ALL_COMPONENTS=''
MCA_orte_regx_ALL_SUBDIRS=''
MCA_orte_regx_DSO_COMPONENTS=''
MCA_orte_regx_DSO_SUBDIRS=''
MCA_orte_regx_STATIC_COMPONENTS=''
MCA_orte_regx_STATIC_LTLIBS=''
MCA_orte_regx_STATIC_SUBDIRS=''
MCA_orte_rmaps_ALL_COMPONENTS=''
MCA_orte_rmaps_ALL_SUBDIRS=''
MCA_orte_rmaps_DSO_COMPONENTS=''
MCA_orte_rmaps_DSO_SUBDIRS=''
MCA_orte_rmaps_STATIC_COMPONENTS=''
MCA_orte_rmaps_STATIC_LTLIBS=''
MCA_orte_rmaps_STATIC_SUBDIRS=''
MCA_orte_rml_ALL_COMPONENTS=''
MCA_orte_rml_ALL_SUBDIRS=''
MCA_orte_rml_DSO_COMPONENTS=''
MCA_orte_rml_DSO_SUBDIRS=''
MCA_orte_rml_STATIC_COMPONENTS=''
MCA_orte_rml_STATIC_LTLIBS=''
MCA_orte_rml_STATIC_SUBDIRS=''
MCA_orte_routed_ALL_COMPONENTS=''
MCA_orte_routed_ALL_SUBDIRS=''
MCA_orte_routed_DSO_COMPONENTS=''
MCA_orte_routed_DSO_SUBDIRS=''
MCA_orte_routed_STATIC_COMPONENTS=''
MCA_orte_routed_STATIC_LTLIBS=''
MCA_orte_routed_STATIC_SUBDIRS=''
MCA_orte_rtc_ALL_COMPONENTS=''
MCA_orte_rtc_ALL_SUBDIRS=''
MCA_orte_rtc_DSO_COMPONENTS=''
MCA_orte_rtc_DSO_SUBDIRS=''
MCA_orte_rtc_STATIC_COMPONENTS=''
MCA_orte_rtc_STATIC_LTLIBS=''
MCA_orte_rtc_STATIC_SUBDIRS=''
MCA_orte_schizo_ALL_COMPONENTS=''
MCA_orte_schizo_ALL_SUBDIRS=''
MCA_orte_schizo_DSO_COMPONENTS=''
MCA_orte_schizo_DSO_SUBDIRS=''
MCA_orte_schizo_STATIC_COMPONENTS=''
MCA_orte_schizo_STATIC_LTLIBS=''
MCA_orte_schizo_STATIC_SUBDIRS=''
MCA_orte_snapc_ALL_COMPONENTS=''
MCA_orte_snapc_ALL_SUBDIRS=''
MCA_orte_snapc_DSO_COMPONENTS=''
MCA_orte_snapc_DSO_SUBDIRS=''
MCA_orte_snapc_STATIC_COMPONENTS=''
MCA_orte_snapc_STATIC_LTLIBS=''
MCA_orte_snapc_STATIC_SUBDIRS=''
MCA_orte_sstore_ALL_COMPONENTS=''
MCA_orte_sstore_ALL_SUBDIRS=''
MCA_orte_sstore_DSO_COMPONENTS=''
MCA_orte_sstore_DSO_SUBDIRS=''
MCA_orte_sstore_STATIC_COMPONENTS=''
MCA_orte_sstore_STATIC_LTLIBS=''
MCA_orte_sstore_STATIC_SUBDIRS=''
MCA_orte_state_ALL_COMPONENTS=''
MCA_orte_state_ALL_SUBDIRS=''
MCA_orte_state_DSO_COMPONENTS=''
MCA_orte_state_DSO_SUBDIRS=''
MCA_orte_state_STATIC_COMPONENTS=''
MCA_orte_state_STATIC_LTLIBS=''
MCA_orte_state_STATIC_SUBDIRS=''
MCA_oshmem_FRAMEWORKS=''
MCA_oshmem_FRAMEWORKS_SUBDIRS=''
MCA_oshmem_FRAMEWORK_COMPONENT_ALL_SUBDIRS=''
MCA_oshmem_FRAMEWORK_COMPONENT_DSO_SUBDIRS=''
MCA_oshmem_FRAMEWORK_COMPONENT_STATIC_SUBDIRS=''
MCA_oshmem_FRAMEWORK_LIBS=''
MCA_oshmem_atomic_ALL_COMPONENTS=''
MCA_oshmem_atomic_ALL_SUBDIRS=''
MCA_oshmem_atomic_DSO_COMPONENTS=''
MCA_oshmem_atomic_DSO_SUBDIRS=''
MCA_oshmem_atomic_STATIC_COMPONENTS=''
MCA_oshmem_atomic_STATIC_LTLIBS=''
MCA_oshmem_atomic_STATIC_SUBDIRS=''
MCA_oshmem_memheap_ALL_COMPONENTS=''
MCA_oshmem_memheap_ALL_SUBDIRS=''
MCA_oshmem_memheap_DIRECT_CALL_HEADER=''
MCA_oshmem_memheap_DSO_COMPONENTS=''
MCA_oshmem_memheap_DSO_SUBDIRS=''
MCA_oshmem_memheap_STATIC_COMPONENTS=''
MCA_oshmem_memheap_STATIC_LTLIBS=''
MCA_oshmem_memheap_STATIC_SUBDIRS=''
MCA_oshmem_scoll_ALL_COMPONENTS=''
MCA_oshmem_scoll_ALL_SUBDIRS=''
MCA_oshmem_scoll_DSO_COMPONENTS=''
MCA_oshmem_scoll_DSO_SUBDIRS=''
MCA_oshmem_scoll_STATIC_COMPONENTS=''
MCA_oshmem_scoll_STATIC_LTLIBS=''
MCA_oshmem_scoll_STATIC_SUBDIRS=''
MCA_oshmem_spml_ALL_COMPONENTS=''
MCA_oshmem_spml_ALL_SUBDIRS=''
MCA_oshmem_spml_DIRECT_CALL_HEADER=''
MCA_oshmem_spml_DSO_COMPONENTS=''
MCA_oshmem_spml_DSO_SUBDIRS=''
MCA_oshmem_spml_STATIC_COMPONENTS=''
MCA_oshmem_spml_STATIC_LTLIBS=''
MCA_oshmem_spml_STATIC_SUBDIRS=''
MCA_oshmem_sshmem_ALL_COMPONENTS=''
MCA_oshmem_sshmem_ALL_SUBDIRS=''
MCA_oshmem_sshmem_DSO_COMPONENTS=''
MCA_oshmem_sshmem_DSO_SUBDIRS=''
MCA_oshmem_sshmem_STATIC_COMPONENTS=''
MCA_oshmem_sshmem_STATIC_LTLIBS=''
MCA_oshmem_sshmem_STATIC_SUBDIRS=''
MKDIR_P='/usr/bin/mkdir -p'
MPIR_UNWIND_CFLAGS=''
NM=''
NMEDIT=''
OBJDUMP=''
OBJEXT='o'
OMPI_ALIGNMENT_FORTRAN_CHARACTER=''
OMPI_ALIGNMENT_FORTRAN_COMPLEX16=''
OMPI_ALIGNMENT_FORTRAN_COMPLEX32=''
OMPI_ALIGNMENT_FORTRAN_COMPLEX4=''
OMPI_ALIGNMENT_FORTRAN_COMPLEX8=''
OMPI_ALIGNMENT_FORTRAN_COMPLEX=''
OMPI_ALIGNMENT_FORTRAN_DOUBLE_COMPLEX=''
OMPI_ALIGNMENT_FORTRAN_DOUBLE_PRECISION=''
OMPI_ALIGNMENT_FORTRAN_INTEGER16=''
OMPI_ALIGNMENT_FORTRAN_INTEGER1=''
OMPI_ALIGNMENT_FORTRAN_INTEGER2=''
OMPI_ALIGNMENT_FORTRAN_INTEGER4=''
OMPI_ALIGNMENT_FORTRAN_INTEGER8=''
OMPI_ALIGNMENT_FORTRAN_INTEGER=''
OMPI_ALIGNMENT_FORTRAN_LOGICAL1=''
OMPI_ALIGNMENT_FORTRAN_LOGICAL2=''
OMPI_ALIGNMENT_FORTRAN_LOGICAL4=''
OMPI_ALIGNMENT_FORTRAN_LOGICAL8=''
OMPI_ALIGNMENT_FORTRAN_LOGICAL=''
OMPI_ALIGNMENT_FORTRAN_REAL16=''
OMPI_ALIGNMENT_FORTRAN_REAL2=''
OMPI_ALIGNMENT_FORTRAN_REAL4=''
OMPI_ALIGNMENT_FORTRAN_REAL8=''
OMPI_ALIGNMENT_FORTRAN_REAL=''
OMPI_BUILD_FORTRAN_MPIFH_BINDINGS_FALSE=''
OMPI_BUILD_FORTRAN_MPIFH_BINDINGS_TRUE=''
OMPI_BUILD_FORTRAN_USEMPIF08_BINDINGS_FALSE=''
OMPI_BUILD_FORTRAN_USEMPIF08_BINDINGS_TRUE=''
OMPI_BUILD_FORTRAN_USEMPIF08_EXT_FALSE=''
OMPI_BUILD_FORTRAN_USEMPIF08_EXT_TRUE=''
OMPI_BUILD_FORTRAN_USEMPI_BINDINGS_FALSE=''
OMPI_BUILD_FORTRAN_USEMPI_BINDINGS_TRUE=''
OMPI_BUILD_FORTRAN_USEMPI_EXT_FALSE=''
OMPI_BUILD_FORTRAN_USEMPI_EXT_TRUE=''
OMPI_BUILD_FORTRAN_USEMPI_IGNORE_TKR_BINDINGS_FALSE=''
OMPI_BUILD_FORTRAN_USEMPI_IGNORE_TKR_BINDINGS_TRUE=''
OMPI_BUILD_FORTRAN_USEMPI_OR_USEMPIF08_EXT_FALSE=''
OMPI_BUILD_FORTRAN_USEMPI_OR_USEMPIF08_EXT_TRUE=''
OMPI_BUILD_FORTRAN_USEMPI_TKR_BINDINGS_FALSE=''
OMPI_BUILD_FORTRAN_USEMPI_TKR_BINDINGS_TRUE=''
OMPI_BUILD_MPI_CXX_BINDINGS_FALSE=''
OMPI_BUILD_MPI_CXX_BINDINGS_TRUE=''
OMPI_CONTRIB_DIST_SUBDIRS=''
OMPI_CONTRIB_SUBDIRS=''
OMPI_CXX_ABSOLUTE=''
OMPI_ENABLE_GREQUEST_EXTENSIONS=''
OMPI_ENABLE_GREQUEST_EXTENSIONS_FALSE=''
OMPI_ENABLE_GREQUEST_EXTENSIONS_TRUE=''
OMPI_ENABLE_MPI1_COMPAT=''
OMPI_ENABLE_MPI1_COMPAT_FALSE=''
OMPI_ENABLE_MPI1_COMPAT_TRUE=''
OMPI_F08_SUFFIX=''
OMPI_FC=''
OMPI_FC_ABSOLUTE=''
OMPI_FC_MODULE_FLAG=''
OMPI_FORTRAN_BUILD_SIZEOF=''
OMPI_FORTRAN_CAPS=''
OMPI_FORTRAN_CKINDS=''
OMPI_FORTRAN_DOUBLE_UNDERSCORE=''
OMPI_FORTRAN_EXTRA_SHARED_LIBRARY_FLAGS=''
OMPI_FORTRAN_F08_PREDECL=''
OMPI_FORTRAN_F08_TYPE=''
OMPI_FORTRAN_HAVE_ABSTRACT=''
OMPI_FORTRAN_HAVE_ASYNCHRONOUS=''
OMPI_FORTRAN_HAVE_BIND_C=''
OMPI_FORTRAN_HAVE_C_FUNLOC=''
OMPI_FORTRAN_HAVE_INTERFACE=''
OMPI_FORTRAN_HAVE_ISO_C_BINDING=''
OMPI_FORTRAN_HAVE_ISO_FORTRAN_ENV=''
OMPI_FORTRAN_HAVE_PRIVATE=''
OMPI_FORTRAN_HAVE_PROCEDURE=''
OMPI_FORTRAN_HAVE_STORAGE_SIZE=''
OMPI_FORTRAN_HAVE_USE_ONLY=''
OMPI_FORTRAN_IGNORE_TKR_PREDECL=''
OMPI_FORTRAN_IGNORE_TKR_TYPE=''
OMPI_FORTRAN_IKINDS=''
OMPI_FORTRAN_MAX_ARRAY_RANK=''
OMPI_FORTRAN_NEED_WRAPPER_ROUTINES=''
OMPI_FORTRAN_PLAIN=''
OMPI_FORTRAN_RKINDS=''
OMPI_FORTRAN_SINGLE_UNDERSCORE=''
OMPI_FORTRAN_STATUS_SIZE=''
OMPI_FORTRAN_USEMPIF08_LIB=''
OMPI_FORTRAN_USEMPI_DIR=''
OMPI_FORTRAN_USEMPI_LIB=''
OMPI_F_SUFFIX=''
OMPI_GREEK_VERSION=''
OMPI_HAVE_FORTRAN_CHARACTER=''
OMPI_HAVE_FORTRAN_COMPLEX16=''
OMPI_HAVE_FORTRAN_COMPLEX32=''
OMPI_HAVE_FORTRAN_COMPLEX4=''
OMPI_HAVE_FORTRAN_COMPLEX8=''
OMPI_HAVE_FORTRAN_COMPLEX=''
OMPI_HAVE_FORTRAN_DOUBLE_COMPLEX=''
OMPI_HAVE_FORTRAN_DOUBLE_PRECISION=''
OMPI_HAVE_FORTRAN_INTEGER16=''
OMPI_HAVE_FORTRAN_INTEGER1=''
OMPI_HAVE_FORTRAN_INTEGER2=''
OMPI_HAVE_FORTRAN_INTEGER4=''
OMPI_HAVE_FORTRAN_INTEGER8=''
OMPI_HAVE_FORTRAN_INTEGER=''
OMPI_HAVE_FORTRAN_LOGICAL1=''
OMPI_HAVE_FORTRAN_LOGICAL2=''
OMPI_HAVE_FORTRAN_LOGICAL4=''
OMPI_HAVE_FORTRAN_LOGICAL8=''
OMPI_HAVE_FORTRAN_LOGICAL=''
OMPI_HAVE_FORTRAN_REAL16=''
OMPI_HAVE_FORTRAN_REAL2=''
OMPI_HAVE_FORTRAN_REAL4=''
OMPI_HAVE_FORTRAN_REAL8=''
OMPI_HAVE_FORTRAN_REAL=''
OMPI_HAVE_JAVAH_SUPPORT_FALSE=''
OMPI_HAVE_JAVAH_SUPPORT_TRUE=''
OMPI_JDK_CPPFLAGS=''
OMPI_KIND_FORTRAN_CHARACTER=''
OMPI_KIND_FORTRAN_COMPLEX16=''
OMPI_KIND_FORTRAN_COMPLEX32=''
OMPI_KIND_FORTRAN_COMPLEX4=''
OMPI_KIND_FORTRAN_COMPLEX8=''
OMPI_KIND_FORTRAN_COMPLEX=''
OMPI_KIND_FORTRAN_DOUBLE_COMPLEX=''
OMPI_KIND_FORTRAN_DOUBLE_PRECISION=''
OMPI_KIND_FORTRAN_INTEGER16=''
OMPI_KIND_FORTRAN_INTEGER1=''
OMPI_KIND_FORTRAN_INTEGER2=''
OMPI_KIND_FORTRAN_INTEGER4=''
OMPI_KIND_FORTRAN_INTEGER8=''
OMPI_KIND_FORTRAN_INTEGER=''
OMPI_KIND_FORTRAN_LOGICAL1=''
OMPI_KIND_FORTRAN_LOGICAL2=''
OMPI_KIND_FORTRAN_LOGICAL4=''
OMPI_KIND_FORTRAN_LOGICAL8=''
OMPI_KIND_FORTRAN_LOGICAL=''
OMPI_KIND_FORTRAN_REAL16=''
OMPI_KIND_FORTRAN_REAL2=''
OMPI_KIND_FORTRAN_REAL4=''
OMPI_KIND_FORTRAN_REAL8=''
OMPI_KIND_FORTRAN_REAL=''
OMPI_LIBMPI_EXTRA_LDFLAGS=''
OMPI_LIBMPI_EXTRA_LIBS=''
OMPI_LIBMPI_NAME=''
OMPI_MAJOR_VERSION='4'
OMPI_MINOR_VERSION='0'
OMPI_MPIEXT_ALL_SUBDIRS=''
OMPI_MPIEXT_C_DIRS=''
OMPI_MPIEXT_C_LIBS=''
OMPI_MPIEXT_MPIFH_DIRS=''
OMPI_MPIEXT_MPIFH_LIBS=''
OMPI_MPIEXT_USEMPIF08_DIRS=''
OMPI_MPIEXT_USEMPIF08_LIBS=''
OMPI_MPIEXT_USEMPI_DIRS=''
OMPI_MPIEXT_USEMPI_LIBS=''
OMPI_MPI_ADDRESS_KIND=''
OMPI_MPI_BIND_PREFIX=''
OMPI_MPI_COUNT_KIND=''
OMPI_MPI_INTEGER_KIND=''
OMPI_MPI_OFFSET_KIND=''
OMPI_MPI_PREFIX=''
OMPI_MTL_PORTALS4_FLOW_CONTROL_FALSE=''
OMPI_MTL_PORTALS4_FLOW_CONTROL_TRUE=''
OMPI_NEED_WINDOWS_REPLACEMENTS_FALSE=''
OMPI_NEED_WINDOWS_REPLACEMENTS_TRUE=''
OMPI_PKG_CONFIG_LDFLAGS=''
OMPI_RELEASE_DATE='Nov 12, 2021'
OMPI_RELEASE_VERSION='7'
OMPI_REPO_REV='v4.0.7'
OMPI_RTE_ORTE_FALSE=''
OMPI_RTE_ORTE_TRUE=''
OMPI_RTE_PMIX_FALSE=''
OMPI_RTE_PMIX_TRUE=''
OMPI_SIZEOF_FORTRAN_CHARACTER=''
OMPI_SIZEOF_FORTRAN_COMPLEX16=''
OMPI_SIZEOF_FORTRAN_COMPLEX32=''
OMPI_SIZEOF_FORTRAN_COMPLEX4=''
OMPI_SIZEOF_FORTRAN_COMPLEX8=''
OMPI_SIZEOF_FORTRAN_COMPLEX=''
OMPI_SIZEOF_FORTRAN_DOUBLE_COMPLEX=''
OMPI_SIZEOF_FORTRAN_DOUBLE_PRECISION=''
OMPI_SIZEOF_FORTRAN_INTEGER16=''
OMPI_SIZEOF_FORTRAN_INTEGER1=''
OMPI_SIZEOF_FORTRAN_INTEGER2=''
OMPI_SIZEOF_FORTRAN_INTEGER4=''
OMPI_SIZEOF_FORTRAN_INTEGER8=''
OMPI_SIZEOF_FORTRAN_INTEGER=''
OMPI_SIZEOF_FORTRAN_LOGICAL1=''
OMPI_SIZEOF_FORTRAN_LOGICAL2=''
OMPI_SIZEOF_FORTRAN_LOGICAL4=''
OMPI_SIZEOF_FORTRAN_LOGICAL8=''
OMPI_SIZEOF_FORTRAN_LOGICAL=''
OMPI_SIZEOF_FORTRAN_REAL16=''
OMPI_SIZEOF_FORTRAN_REAL2=''
OMPI_SIZEOF_FORTRAN_REAL4=''
OMPI_SIZEOF_FORTRAN_REAL8=''
OMPI_SIZEOF_FORTRAN_REAL=''
OMPI_TARBALL_VERSION='4.0.7'
OMPI_TOP_BUILDDIR='/home/ydy/scratch/src/openmpi-4.0.7'
OMPI_TOP_SRCDIR='/home/ydy/scratch/src/openmpi-4.0.7'
OMPI_VERSION='4.0.7'
OMPI_WANT_JAVA_BINDINGS_FALSE=''
OMPI_WANT_JAVA_BINDINGS_TRUE=''
OMPI_WRAPPER_CXX_LIB=''
OMPI_WRAPPER_CXX_REQUIRED_FILE=''
OMPI_WRAPPER_EXTRA_CFLAGS=''
OMPI_WRAPPER_EXTRA_CFLAGS_PREFIX=''
OMPI_WRAPPER_EXTRA_CPPFLAGS=''
OMPI_WRAPPER_EXTRA_CXXFLAGS=''
OMPI_WRAPPER_EXTRA_CXXFLAGS_PREFIX=''
OMPI_WRAPPER_EXTRA_FCFLAGS=''
OMPI_WRAPPER_EXTRA_FCFLAGS_PREFIX=''
OMPI_WRAPPER_EXTRA_FC_LDFLAGS=''
OMPI_WRAPPER_EXTRA_LDFLAGS=''
OMPI_WRAPPER_EXTRA_LIBS=''
OMPI_WRAPPER_FORTRAN_REQUIRED_FILE=''
OMPI_WRAPPER_INCLUDEDIR=''
OMPI_WRAPPER_LIBDIR=''
OPAL_ASM_GSYM=''
OPAL_ASM_LSYM=''
OPAL_ASM_SUPPORT_64BIT=''
OPAL_ASM_TEXT=''
OPAL_ASM_TYPE=''
OPAL_ASSEMBLY_ARCH=''
OPAL_ASSEMBLY_BUILTIN=''
OPAL_ASSEMBLY_FORMAT=''
OPAL_AS_GLOBAL=''
OPAL_AS_LABEL_SUFFIX=''
OPAL_BTL_PORTALS4_FLOW_CONTROL_FALSE=''
OPAL_BTL_PORTALS4_FLOW_CONTROL_TRUE=''
OPAL_BTL_USNIC_BUILD_UNIT_TESTS_FALSE=''
OPAL_BTL_USNIC_BUILD_UNIT_TESTS_TRUE=''
OPAL_CC_ABSOLUTE=''
OPAL_COMPILE_TIMING_FALSE=''
OPAL_COMPILE_TIMING_TRUE=''
OPAL_CONFIGURE_CLI=' \'\''--prefix=\'\'''
OPAL_CONFIGURE_DATE='Thu Feb 16 05:45:34 UTC 2023'
OPAL_CONFIGURE_HOST='eclgpu4'
OPAL_CONFIGURE_USER='ydy'
OPAL_CXX_ABSOLUTE=''
OPAL_DEFAULT_MCA_PARAM_CONF='openmpi-mca-params.conf'
OPAL_DYN_LIB_PREFIX=''
OPAL_DYN_LIB_SUFFIX=''
OPAL_EVENT_HAVE_THREAD_SUPPORT_FALSE=''
OPAL_EVENT_HAVE_THREAD_SUPPORT_TRUE=''
OPAL_GREEK_VERSION=''
OPAL_INSTALL_BINARIES_FALSE=''
OPAL_INSTALL_BINARIES_TRUE=''
OPAL_INSTALL_TIMING_BINARIES_FALSE=''
OPAL_INSTALL_TIMING_BINARIES_TRUE=''
OPAL_LIB_PREFIX=''
OPAL_MAJOR_VERSION='4'
OPAL_MAX_DATAREP_STRING=''
OPAL_MAX_ERROR_STRING=''
OPAL_MAX_INFO_KEY=''
OPAL_MAX_INFO_VAL=''
OPAL_MAX_OBJECT_NAME=''
OPAL_MAX_PORT_NAME=''
OPAL_MAX_PROCESSOR_NAME=''
OPAL_MINOR_VERSION='0'
OPAL_PARAM_FROM_PLATFORM=''
OPAL_PKG_CONFIG_LDFLAGS=''
OPAL_RELEASE_DATE='Nov 12, 2021'
OPAL_RELEASE_VERSION='7'
OPAL_REPO_REV='v4.0.7'
OPAL_TARBALL_VERSION='4.0.7'
OPAL_TOP_BUILDDIR=''
OPAL_TOP_SRCDIR=''
OPAL_VERSION='4.0.7'
OPAL_WANT_MEMCHECKER_FALSE=''
OPAL_WANT_MEMCHECKER_TRUE=''
OPAL_WANT_SCRIPT_WRAPPER_COMPILERS_FALSE=''
OPAL_WANT_SCRIPT_WRAPPER_COMPILERS_TRUE=''
OPAL_WRAPPER_EXTRA_CFLAGS=''
OPAL_WRAPPER_EXTRA_CFLAGS_PREFIX=''
OPAL_WRAPPER_EXTRA_CPPFLAGS=''
OPAL_WRAPPER_EXTRA_CXXFLAGS=''
OPAL_WRAPPER_EXTRA_CXXFLAGS_PREFIX=''
OPAL_WRAPPER_EXTRA_LDFLAGS=''
OPAL_WRAPPER_EXTRA_LIBS=''
OPAL_cuda_gdr_support_FALSE=''
OPAL_cuda_gdr_support_TRUE=''
OPAL_cuda_get_attributes_FALSE=''
OPAL_cuda_get_attributes_TRUE=''
OPAL_cuda_support_FALSE=''
OPAL_cuda_support_TRUE=''
OPAL_cuda_sync_memops_FALSE=''
OPAL_cuda_sync_memops_TRUE=''
ORTE_GREEK_VERSION=''
ORTE_LIB_PREFIX=''
ORTE_MAJOR_VERSION='4'
ORTE_MINOR_VERSION='0'
ORTE_PKG_CONFIG_LDFLAGS=''
ORTE_RELEASE_DATE='Nov 12, 2021'
ORTE_RELEASE_VERSION='7'
ORTE_REPO_REV='v4.0.7'
ORTE_TARBALL_VERSION='4.0.7'
ORTE_TOP_BUILDDIR=''
ORTE_TOP_SRCDIR=''
ORTE_VERSION='4.0.7'
ORTE_WRAPPER_EXTRA_CFLAGS=''
ORTE_WRAPPER_EXTRA_CFLAGS_PREFIX=''
ORTE_WRAPPER_EXTRA_CPPFLAGS=''
ORTE_WRAPPER_EXTRA_LDFLAGS=''
ORTE_WRAPPER_EXTRA_LIBS=''
OSHMEM_BUILD_FORTRAN_BINDINGS_FALSE=''
OSHMEM_BUILD_FORTRAN_BINDINGS_TRUE=''
OSHMEM_GREEK_VERSION=''
OSHMEM_LIBSHMEM_EXTRA_LDFLAGS=''
OSHMEM_LIBSHMEM_EXTRA_LIBS=''
OSHMEM_MAJOR_VERSION='4'
OSHMEM_MINOR_VERSION='0'
OSHMEM_PROFILING_FALSE=''
OSHMEM_PROFILING_TRUE=''
OSHMEM_RELEASE_DATE='Nov 12, 2021'
OSHMEM_RELEASE_VERSION='7'
OSHMEM_REPO_REV='v4.0.7'
OSHMEM_TARBALL_VERSION='4.0.7'
OSHMEM_TOP_BUILDDIR=''
OSHMEM_TOP_SRCDIR=''
OSHMEM_VERSION='4.0.7'
OTOOL64=''
OTOOL=''
PACKAGE='openmpi'
PACKAGE_BUGREPORT='http://www.open-mpi.org/community/help/'
PACKAGE_NAME='Open MPI'
PACKAGE_STRING='Open MPI 4.0.7'
PACKAGE_TARNAME='openmpi'
PACKAGE_URL=''
PACKAGE_VERSION='4.0.7'
PATH_SEPARATOR=':'
PERL='perl'
PKG_CONFIG=''
PKG_CONFIG_LIBDIR=''
PKG_CONFIG_PATH=''
PROJECT_OMPI_FALSE=''
PROJECT_OMPI_TRUE=''
PROJECT_ORTE_FALSE=''
PROJECT_ORTE_TRUE=''
PROJECT_OSHMEM_FALSE=''
PROJECT_OSHMEM_TRUE=''
QRSH=''
RANLIB=''
SED=''
SET_MAKE=''
SHELL='/bin/bash'
SINGULARITY=''
SPC_ENABLE_FALSE=''
SPC_ENABLE_TRUE=''
STRIP=''
VERSION='4.0.7'
WANT_FT_CR_FALSE=''
WANT_FT_CR_TRUE=''
WANT_FT_FALSE=''
WANT_FT_THREAD_FALSE=''
WANT_FT_THREAD_TRUE=''
WANT_FT_TRUE=''
WANT_INSTALL_HEADERS_FALSE=''
WANT_INSTALL_HEADERS_TRUE=''
WANT_PERUSE_FALSE=''
WANT_PERUSE_TRUE=''
WRAPPER_CC=''
XMKMF=''
X_CFLAGS=''
X_EXTRA_LIBS=''
X_LIBS=''
X_PRE_LIBS=''
ac_ct_AR=''
ac_ct_CC='gcc'
ac_ct_CXX=''
ac_ct_DUMPBIN=''
ac_ct_FC=''
ac_prefix_program=''
am__EXEEXT_FALSE=''
am__EXEEXT_TRUE=''
am__fastdepCCAS_FALSE=''
am__fastdepCCAS_TRUE=''
am__fastdepCC_FALSE='#'
am__fastdepCC_TRUE=''
am__fastdepCXX_FALSE=''
am__fastdepCXX_TRUE=''
am__include='include'
am__isrc=''
am__leading_dot='.'
am__nodep='_no'
am__quote=''
am__tar='tar --format=ustar -chf - "$$tardir"'
am__untar='tar -xf -'
atomic_mxm_CFLAGS=''
atomic_mxm_CPPFLAGS=''
atomic_mxm_LDFLAGS=''
atomic_mxm_LIBS=''
atomic_ucx_CFLAGS=''
atomic_ucx_CPPFLAGS=''
atomic_ucx_LDFLAGS=''
atomic_ucx_LIBS=''
bindir='${exec_prefix}/bin'
btl_openib_CFLAGS=''
btl_openib_CPPFLAGS=''
btl_openib_LDFLAGS=''
btl_openib_LIBS=''
btl_portals4_CPPFLAGS=''
btl_portals4_LDFLAGS=''
btl_portals4_LIBS=''
btl_uct_CPPFLAGS=''
btl_uct_LDFLAGS=''
btl_uct_LIBS=''
btl_ugni_CPPFLAGS=''
btl_ugni_LDFLAGS=''
btl_ugni_LIBS=''
btl_vader_CFLAGS=''
btl_vader_CPPFLAGS=''
btl_vader_LDFLAGS=''
btl_vader_LIBS=''
build='x86_64-unknown-linux-gnu'
build_alias=''
build_cpu='x86_64'
build_os='linux-gnu'
build_vendor='unknown'
coll_fca_CFLAGS=''
coll_fca_CPPFLAGS=''
coll_fca_HOME=''
coll_fca_LDFLAGS=''
coll_fca_LIBS=''
coll_hcoll_CFLAGS=''
coll_hcoll_CPPFLAGS=''
coll_hcoll_LDFLAGS=''
coll_hcoll_LIBS=''
coll_portals4_CPPFLAGS=''
coll_portals4_LDFLAGS=''
coll_portals4_LIBS=''
common_alps_CPPFLAGS=''
common_alps_LDFLAGS=''
common_alps_LIBS=''
common_cuda_CPPFLAGS=''
common_ucx_CFLAGS=''
common_ucx_CPPFLAGS=''
common_ucx_LDFLAGS=''
common_ucx_LIBS=''
common_verbs_CFLAGS=''
common_verbs_CPPFLAGS=''
common_verbs_LDFLAGS=''
common_verbs_LIBS=''
common_verbs_usnic_CPPFLAGS=''
common_verbs_usnic_LDFLAGS=''
common_verbs_usnic_LIBS=''
datadir='${datarootdir}'
datarootdir='${prefix}/share'
docdir='${datarootdir}/doc/${PACKAGE_TARNAME}'
dvidir='${docdir}'
ess_alps_CPPFLAGS=''
ess_alps_LDFLAGS=''
ess_alps_LIBS=''
ess_lsf_CPPFLAGS=''
ess_lsf_LDFLAGS=''
ess_lsf_LIBS=''
ess_slurm_CPPFLAGS=''
ess_slurm_LDFLAGS=''
ess_slurm_LIBS=''
ess_tm_CPPFLAGS=''
ess_tm_LDFLAGS=''
ess_tm_LIBS=''
exec_prefix='NONE'
fbtl_pvfs2_CPPFLAGS=''
fbtl_pvfs2_LDFLAGS=''
fbtl_pvfs2_LIBS=''
fs_lustre_CPPFLAGS=''
fs_lustre_LDFLAGS=''
fs_lustre_LIBS=''
fs_pvfs2_CPPFLAGS=''
fs_pvfs2_LDFLAGS=''
fs_pvfs2_LIBS=''
host='x86_64-unknown-linux-gnu'
host_alias=''
host_cpu='x86_64'
host_os='linux-gnu'
host_vendor='unknown'
htmldir='${docdir}'
includedir='${prefix}/include'
infodir='${datarootdir}/info'
install_sh='${SHELL} /home/ydy/scratch/src/openmpi-4.0.7/config/install-sh'
libdir='${exec_prefix}/lib'
libexecdir='${exec_prefix}/libexec'
libmca_ompi_common_monitoring_so_version='60:1:10'
libmca_ompi_common_ompio_so_version='60:6:19'
libmca_opal_common_cuda_so_version='60:0:20'
libmca_opal_common_sm_so_version='60:0:20'
libmca_opal_common_ucx_so_version='60:3:20'
libmca_opal_common_ugni_so_version='60:0:20'
libmca_opal_common_verbs_so_version='60:0:20'
libmca_orte_common_alps_so_version='60:0:20'
libmpi_cxx_so_version='60:1:20'
libmpi_java_so_version='60:0:20'
libmpi_mpifh_so_version='60:3:20'
libmpi_so_version='60:7:20'
libmpi_usempi_ignore_tkr_so_version='60:0:20'
libmpi_usempi_tkr_so_version='60:0:20'
libmpi_usempif08_so_version='61:1:21'
libompitrace_so_version='60:0:20'
libopen_pal_so_version='60:7:20'
libopen_rte_so_version='60:7:20'
liboshmem_so_version='62:3:22'
localedir='${datarootdir}/locale'
localstatedir='${prefix}/var'
mandir='${datarootdir}/man'
memory_malloc_solaris_LIBS=''
mkdir_p='$(MKDIR_P)'
mpool_memkind_CPPFLAGS=''
mpool_memkind_LDFLAGS=''
mpool_memkind_LIBS=''
mtl_portals4_CPPFLAGS=''
mtl_portals4_LDFLAGS=''
mtl_portals4_LIBS=''
mtl_psm2_CFLAGS=''
mtl_psm2_CPPFLAGS=''
mtl_psm2_LDFLAGS=''
mtl_psm2_LIBS=''
mtl_psm_CFLAGS=''
mtl_psm_CPPFLAGS=''
mtl_psm_LDFLAGS=''
mtl_psm_LIBS=''
odls_alps_CPPFLAGS=''
odls_alps_LDFLAGS=''
odls_alps_LIBS=''
oldincludedir='/usr/include'
ompidatadir=''
ompiincludedir=''
ompilibdir=''
oob_alps_CPPFLAGS=''
oob_alps_LDFLAGS=''
oob_alps_LIBS=''
opal_datatype_cuda_CPPFLAGS=''
opal_dl_dlopen_LIBS=''
opal_dl_libltdl_CPPFLAGS=''
opal_dl_libltdl_LDFLAGS=''
opal_dl_libltdl_LIBS=''
opal_event_external_CPPFLAGS=''
opal_event_external_LDFLAGS=''
opal_event_external_LIBS=''
opal_hwloc_external_LDFLAGS=''
opal_hwloc_external_LIBS=''
opal_hwloc_hwloc201_CFLAGS=''
opal_hwloc_hwloc201_CPPFLAGS=''
opal_hwloc_hwloc201_LDFLAGS=''
opal_hwloc_hwloc201_LIBS=''
opal_memchecker_valgrind_CPPFLAGS=''
opal_ofi_CPPFLAGS=''
opal_ofi_LDFLAGS=''
opal_ofi_LIBS=''
opal_pmi1_CPPFLAGS=''
opal_pmi1_LDFLAGS=''
opal_pmi1_LIBS=''
opal_pmi1_rpath=''
opal_pmi2_CPPFLAGS=''
opal_pmi2_LDFLAGS=''
opal_pmi2_LIBS=''
opal_pmi2_rpath=''
opal_pmix_ext1x_CPPFLAGS=''
opal_pmix_ext1x_LDFLAGS=''
opal_pmix_ext1x_LIBS=''
opal_pmix_ext2x_CPPFLAGS=''
opal_pmix_ext2x_LDFLAGS=''
opal_pmix_ext2x_LIBS=''
opal_pmix_ext3x_CPPFLAGS=''
opal_pmix_ext3x_LDFLAGS=''
opal_pmix_ext3x_LIBS=''
opal_pmix_pmix3x_CPPFLAGS=''
opal_pmix_pmix3x_DEPENDENCIES=''
opal_pmix_pmix3x_LDFLAGS=''
opal_pmix_pmix3x_LIBS=''
opal_reachable_netlink_CPPFLAGS=''
opal_reachable_netlink_LDFLAGS=''
opal_reachable_netlink_LIBS=''
opaldatadir=''
opalincludedir=''
opallibdir=''
ortedatadir=''
orteincludedir=''
ortelibdir=''
osc_portals4_CPPFLAGS=''
osc_portals4_LDFLAGS=''
osc_portals4_LIBS=''
osc_ucx_CPPFLAGS=''
osc_ucx_LDFLAGS=''
osc_ucx_LIBS=''
oshmem_verbs_CFLAGS=''
oshmem_verbs_CPPFLAGS=''
oshmem_verbs_LDFLAGS=''
oshmem_verbs_LIBS=''
oshmemdatadir=''
oshmemincludedir=''
oshmemlibdir=''
pdfdir='${docdir}'
plm_alps_CPPFLAGS=''
plm_alps_LDFLAGS=''
plm_alps_LIBS=''
plm_lsf_CPPFLAGS=''
plm_lsf_LDFLAGS=''
plm_lsf_LIBS=''
plm_slurm_CPPFLAGS=''
plm_slurm_LDFLAGS=''
plm_slurm_LIBS=''
plm_tm_CPPFLAGS=''
plm_tm_LDFLAGS=''
plm_tm_LIBS=''
pmix_alps_CPPFLAGS=''
pmix_alps_LDFLAGS=''
pmix_alps_LIBS=''
pmix_cray_CPPFLAGS=''
pmix_cray_LDFLAGS=''
pmix_cray_LIBS=''
pml_ucx_CPPFLAGS=''
pml_ucx_LDFLAGS=''
pml_ucx_LIBS=''
pml_yalla_CPPFLAGS=''
pml_yalla_LDFLAGS=''
pml_yalla_LIBS=''
prefix=''
program_transform_name='s,x,x,'
psdir='${docdir}'
ras_alps_CPPFLAGS=''
ras_lsf_CPPFLAGS=''
ras_lsf_LDFLAGS=''
ras_lsf_LIBS=''
ras_slurm_CPPFLAGS=''
ras_slurm_LDFLAGS=''
ras_slurm_LIBS=''
ras_tm_CPPFLAGS=''
ras_tm_LDFLAGS=''
ras_tm_LIBS=''
rcache_udreg_CPPFLAGS=''
rcache_udreg_LDFLAGS=''
rcache_udreg_LIBS=''
sbindir='${exec_prefix}/sbin'
schizo_alps_CPPFLAGS=''
schizo_moab_CPPFLAGS=''
schizo_moab_LDFLAGS=''
schizo_moab_LIBS=''
schizo_slurm_CPPFLAGS=''
schizo_slurm_LDFLAGS=''
schizo_slurm_LIBS=''
scoll_fca_CFLAGS=''
scoll_fca_CPPFLAGS=''
scoll_fca_HOME=''
scoll_fca_LDFLAGS=''
scoll_fca_LIBS=''
sharedstatedir='${prefix}/com'
spml_ikrit_CFLAGS=''
spml_ikrit_CPPFLAGS=''
spml_ikrit_LDFLAGS=''
spml_ikrit_LIBS=''
spml_ucx_CFLAGS=''
spml_ucx_CPPFLAGS=''
spml_ucx_LDFLAGS=''
spml_ucx_LIBS=''
sshmem_ucx_CFLAGS=''
sshmem_ucx_CPPFLAGS=''
sshmem_ucx_LDFLAGS=''
sshmem_ucx_LIBS=''
sysconfdir='${prefix}/etc'
target='x86_64-unknown-linux-gnu'
target_alias=''
target_cpu='x86_64'
target_os='linux-gnu'
target_vendor='unknown'
topo_treematch_local_FALSE=''
topo_treematch_local_TRUE=''
ucx_CFLAGS=''
ucx_LIBS=''
ucx_STATIC_LIBS=''

## ----------- ##
## confdefs.h. ##
## ----------- ##

/* confdefs.h */
#define PACKAGE_NAME "Open MPI"
#define PACKAGE_TARNAME "openmpi"
#define PACKAGE_VERSION "4.0.7"
#define PACKAGE_STRING "Open MPI 4.0.7"
#define PACKAGE_BUGREPORT "http://www.open-mpi.org/community/help/"
#define PACKAGE_URL ""
#define OPAL_ARCH "x86_64-unknown-linux-gnu"
#define STDC_HEADERS 1
#define HAVE_SYS_TYPES_H 1
#define HAVE_SYS_STAT_H 1
#define HAVE_STDLIB_H 1
#define HAVE_STRING_H 1
#define HAVE_MEMORY_H 1
#define HAVE_STRINGS_H 1
#define HAVE_INTTYPES_H 1
#define HAVE_STDINT_H 1
#define HAVE_UNISTD_H 1
#define __EXTENSIONS__ 1
#define _ALL_SOURCE 1
#define _GNU_SOURCE 1
#define _POSIX_PTHREAD_SEMANTICS 1
#define _TANDEM_SOURCE 1
#define OMPI_MAJOR_VERSION 4
#define OMPI_MINOR_VERSION 0
#define OMPI_RELEASE_VERSION 7
#define OMPI_GREEK_VERSION ""
#define OMPI_REPO_REV "v4.0.7"
#define OMPI_TARBALL_VERSION "4.0.7"
#define OMPI_VERSION "7"
#define OMPI_RELEASE_DATE "Nov 12, 2021"
#define ORTE_MAJOR_VERSION 4
#define ORTE_MINOR_VERSION 0
#define ORTE_RELEASE_VERSION 7
#define ORTE_GREEK_VERSION ""
#define ORTE_REPO_REV "v4.0.7"
#define ORTE_TARBALL_VERSION "4.0.7"
#define ORTE_VERSION "7"
#define ORTE_RELEASE_DATE "Nov 12, 2021"
#define OSHMEM_MAJOR_VERSION 4
#define OSHMEM_MINOR_VERSION 0
#define OSHMEM_RELEASE_VERSION 7
#define OSHMEM_GREEK_VERSION ""
#define OSHMEM_REPO_REV "v4.0.7"
#define OSHMEM_TARBALL_VERSION "4.0.7"
#define OSHMEM_VERSION "7"
#define OSHMEM_RELEASE_DATE "Nov 12, 2021"
#define OPAL_MAJOR_VERSION 4
#define OPAL_MINOR_VERSION 0
#define OPAL_RELEASE_VERSION 7
#define OPAL_GREEK_VERSION ""
#define OPAL_REPO_REV "v4.0.7"
#define OPAL_TARBALL_VERSION "4.0.7"
#define OPAL_VERSION "7"
#define OPAL_RELEASE_DATE "Nov 12, 2021"

configure: exit 1
